
                            < M A T L A B (R) >
                  Copyright 1984-2017 The MathWorks, Inc.
                   R2017b (9.3.0.713579) 64-bit (glnxa64)
                             September 14, 2017

 
To get started, type one of these: helpwin, helpdesk, or demo.
For product information, visit www.mathworks.com.
 

a =

   0.100841932047902
   0.199048042209656
   0.141219189763720
  -0.082701437912223
   0.247201976313406
   0.203648252122121
   0.155261054723910
   0.035480990731507

 Gaussian wavepacket kinetic energy: 0.008485463716999
 Dviding surface: 8.00821918

 Information about PES
 rkhs_pes_3Adp_n.f
 PREPOT has been called for the OHCl RP 3A" surface.
 Version date December 6, 2002
 Coefficient files:
 threebody_3Adp_255cm.txt                
 threebody_3Adp_521cm.txt                
 Order of the kernel n =   2
 Reciprocal power m =   6
 Power of the r coordinate (r**s)  s =   1
 Asymptotic Potential:  -0.170353200000000     
 
 Gaussian wavepacket module: 1.000000000000002
 HCl vibrational wavefunction module: 1.000000000000000
 HCl total energy: 0.006779946303554
 HCl radial kinetic energy: 0.003364107055429
 HCl rotational energy: 0.000000000000000
 HCl potential energy: 0.003415839248124
 Legendre polynomail module: 0.999999999999999

 Use fcnpak for associated Legendre polynomials
 Figure: potwave/000000000.png

 **********************************************
 *                                            *
 *  Quantum Dynamics Time Evolution with CUDA *
 *                                            *
 **********************************************

 Setup Matlab data for C++/CUDA
 Wavepacket size: 1024 512 200 1
 Input weighted associated Legendres size: 200 161 1
 Weighted associated Legendres all states
 {
  wave_to_matlab OHClMatlab
  steps_to_copy_psi_from_device_to_host 100
  potential_cutoff 0.8
  calculate_reaction_probabilities 1
  rotational_states 0
 }
 {
  n_dividing_surface 268
  n_gradient_points 51
  n_energies 500
 }
 SI coefficients 8
 0.1008419320479018
 0.1990480422096562
 0.1412191897637202
 -0.0827014379122228
 0.2472019763134062
 0.2036482521221211
 0.1552610547239105
 0.0354809907315068
 There is 1 GPU card
 Omegas on devices:  { 1 }
 Setup data on device: 0
 Setup constant memory on device: 0
 Copy numerical gradient coefficients on device: 0
 Copy reaction probability enegies to device: 0
 Setup computation stream on device: 0
 Setup cuBLAS handle on device: 0
 Setup cuFFT handles on device: 0
 Work area size for CUFFT D2Z: 801.56MB
 Work area size for CUFFT Z2D: 800.00MB
 Allocate and copy potential on device: 0
 Copy OmegaWavepacket from host to device, Omega: 0
 Copy associated Legendres to device, Omega: 0, size: 200 161
 Setup local work dev, Omega: 0 104857600
 Setup reaction probabilities, Omega: 0
 Setup reaction probabilities data on device for Omega: 0
 Setup device work on device: 0 105062400 801.5625
 Device: 0 GPU memory usage: used = 9103.06MB, free = 7177.81MB, total = 16280.88MB

 Step: 1, Mon May 28 20:56:56 2018
 Time: 1.000 au, 0.024 fs
 Dump wavepackets
 0 1.000290359986 0.015280031077092
 T 1.000290359986 0.015280031077092
 Elapsed wall time 1.319 secs

 Step: 2, Mon May 28 20:56:57 2018
 Time: 2.000 au, 0.048 fs
 Dump wavepackets
 0 1.0002900137863 0.015280017079923
 T 1.0002900137863 0.015280017079923
 Elapsed wall time 1.338 secs

 Step: 3, Mon May 28 20:56:59 2018
 Time: 3.000 au, 0.073 fs
 Dump wavepackets
 0 1.0002892468084 0.015279989451842
 T 1.0002892468084 0.015279989451842
 Elapsed wall time 1.338 secs

 Step: 4, Mon May 28 20:57:00 2018
 Time: 4.000 au, 0.097 fs
 Dump wavepackets
 0 1.0002880640449 0.015279948466005
 T 1.0002880640449 0.015279948466005
 Elapsed wall time 1.338 secs

 Step: 5, Mon May 28 20:57:01 2018
 Time: 5.000 au, 0.121 fs
 Dump wavepackets
 0 1.0002864727406 0.01527989451286
 T 1.0002864727406 0.01527989451286
 Elapsed wall time 1.338 secs

 Step: 6, Mon May 28 20:57:03 2018
 Time: 6.000 au, 0.145 fs
 Dump wavepackets
 0 1.0002844822932 0.015279828092908
 T 1.0002844822932 0.015279828092908
 Elapsed wall time 1.338 secs

 Step: 7, Mon May 28 20:57:04 2018
 Time: 7.000 au, 0.169 fs
 Dump wavepackets
 0 1.0002821041278 0.015279749807628
 T 1.0002821041278 0.015279749807628
 Elapsed wall time 1.338 secs

 Step: 8, Mon May 28 20:57:05 2018
 Time: 8.000 au, 0.194 fs
 Dump wavepackets
 0 1.0002793515479 0.01527966034883
 T 1.0002793515479 0.01527966034883
 Elapsed wall time 1.338 secs

 Step: 9, Mon May 28 20:57:07 2018
 Time: 9.000 au, 0.218 fs
 Dump wavepackets
 0 1.0002762395659 0.015279560486754
 T 1.0002762395659 0.015279560486754
 Elapsed wall time 1.338 secs

 Step: 10, Mon May 28 20:57:08 2018
 Time: 10.000 au, 0.242 fs
 Dump wavepackets
 0 1.0002727847179 0.015279451057236
 T 1.0002727847179 0.015279451057236
 Elapsed wall time 1.338 secs

 Step: 11, Mon May 28 20:57:09 2018
 Time: 11.000 au, 0.266 fs
 Dump wavepackets
 0 1.0002690048653 0.01527933294828
 T 1.0002690048653 0.01527933294828
 Elapsed wall time 1.338 secs

 Step: 12, Mon May 28 20:57:11 2018
 Time: 12.000 au, 0.290 fs
 Dump wavepackets
 0 1.0002649189884 0.015279207086394
 T 1.0002649189884 0.015279207086394
 Elapsed wall time 1.338 secs

 Step: 13, Mon May 28 20:57:12 2018
 Time: 13.000 au, 0.314 fs
 Dump wavepackets
 0 1.000260546976 0.015279074422995
 T 1.000260546976 0.015279074422995
 Elapsed wall time 1.338 secs

 Step: 14, Mon May 28 20:57:13 2018
 Time: 14.000 au, 0.339 fs
 Dump wavepackets
 0 1.0002559094143 0.015278935921203
 T 1.0002559094143 0.015278935921203
 Elapsed wall time 1.337 secs

 Step: 15, Mon May 28 20:57:15 2018
 Time: 15.000 au, 0.363 fs
 Dump wavepackets
 0 1.0002510273788 0.015278792543276
 T 1.0002510273788 0.015278792543276
 Elapsed wall time 1.338 secs

 Step: 16, Mon May 28 20:57:16 2018
 Time: 16.000 au, 0.387 fs
 Dump wavepackets
 0 1.000245922233 0.015278645238932
 T 1.000245922233 0.015278645238932
 Elapsed wall time 1.337 secs

 Step: 17, Mon May 28 20:57:17 2018
 Time: 17.000 au, 0.411 fs
 Dump wavepackets
 0 1.0002406154365 0.015278494934727
 T 1.0002406154365 0.015278494934727
 Elapsed wall time 1.337 secs

 Step: 18, Mon May 28 20:57:19 2018
 Time: 18.000 au, 0.435 fs
 Dump wavepackets
 0 1.000235128365 0.015278342524638
 T 1.000235128365 0.015278342524638
 Elapsed wall time 1.338 secs

 Step: 19, Mon May 28 20:57:20 2018
 Time: 19.000 au, 0.460 fs
 Dump wavepackets
 0 1.0002294821437 0.015278188861943
 T 1.0002294821437 0.015278188861943
 Elapsed wall time 1.338 secs

 Step: 20, Mon May 28 20:57:21 2018
 Time: 20.000 au, 0.484 fs
 Dump wavepackets
 0 1.0002236974968 0.015278034752436
 T 1.0002236974968 0.015278034752436
 Elapsed wall time 1.338 secs

 Step: 21, Mon May 28 20:57:23 2018
 Time: 21.000 au, 0.508 fs
 Dump wavepackets
 0 1.0002177946128 0.015277880949008
 T 1.0002177946128 0.015277880949008
 Elapsed wall time 1.339 secs

 Step: 22, Mon May 28 20:57:24 2018
 Time: 22.000 au, 0.532 fs
 Dump wavepackets
 0 1.0002117930268 0.015277728147538
 T 1.0002117930268 0.015277728147538
 Elapsed wall time 1.338 secs

 Step: 23, Mon May 28 20:57:25 2018
 Time: 23.000 au, 0.556 fs
 Dump wavepackets
 0 1.0002057115211 0.01527757698406
 T 1.0002057115211 0.01527757698406
 Elapsed wall time 1.338 secs

 Step: 24, Mon May 28 20:57:27 2018
 Time: 24.000 au, 0.581 fs
 Dump wavepackets
 0 1.000199568041 0.015277428033112
 T 1.000199568041 0.015277428033112
 Elapsed wall time 1.338 secs

 Step: 25, Mon May 28 20:57:28 2018
 Time: 25.000 au, 0.605 fs
 Dump wavepackets
 0 1.0001933796288 0.015277281807159
 T 1.0001933796288 0.015277281807159
 Elapsed wall time 1.337 secs

 Step: 26, Mon May 28 20:57:29 2018
 Time: 26.000 au, 0.629 fs
 Dump wavepackets
 0 1.000187162373 0.015277138756994
 T 1.000187162373 0.015277138756994
 Elapsed wall time 1.337 secs

 Step: 27, Mon May 28 20:57:31 2018
 Time: 27.000 au, 0.653 fs
 Dump wavepackets
 0 1.0001809313724 0.015276999272971
 T 1.0001809313724 0.015276999272971
 Elapsed wall time 1.338 secs

 Step: 28, Mon May 28 20:57:32 2018
 Time: 28.000 au, 0.677 fs
 Dump wavepackets
 0 1.0001747007135 0.015276863686958
 T 1.0001747007135 0.015276863686958
 Elapsed wall time 1.338 secs

 Step: 29, Mon May 28 20:57:33 2018
 Time: 29.000 au, 0.701 fs
 Dump wavepackets
 0 1.0001684834616 0.015276732274879
 T 1.0001684834616 0.015276732274879
 Elapsed wall time 1.338 secs

 Step: 30, Mon May 28 20:57:35 2018
 Time: 30.000 au, 0.726 fs
 Dump wavepackets
 0 1.0001622916618 0.015276605259728
 T 1.0001622916618 0.015276605259728
 Elapsed wall time 1.337 secs

 Step: 31, Mon May 28 20:57:36 2018
 Time: 31.000 au, 0.750 fs
 Dump wavepackets
 0 1.0001561363507 0.015276482814933
 T 1.0001561363507 0.015276482814933
 Elapsed wall time 1.337 secs

 Step: 32, Mon May 28 20:57:37 2018
 Time: 32.000 au, 0.774 fs
 Dump wavepackets
 0 1.0001500275765 0.015276365067967
 T 1.0001500275765 0.015276365067967
 Elapsed wall time 1.337 secs

 Step: 33, Mon May 28 20:57:39 2018
 Time: 33.000 au, 0.798 fs
 Dump wavepackets
 0 1.0001439744259 0.015276252104122
 T 1.0001439744259 0.015276252104122
 Elapsed wall time 1.337 secs

 Step: 34, Mon May 28 20:57:40 2018
 Time: 34.000 au, 0.822 fs
 Dump wavepackets
 0 1.0001379850579 0.015276143970341
 T 1.0001379850579 0.015276143970341
 Elapsed wall time 1.338 secs

 Step: 35, Mon May 28 20:57:41 2018
 Time: 35.000 au, 0.847 fs
 Dump wavepackets
 0 1.0001320667416 0.015276040679053
 T 1.0001320667416 0.015276040679053
 Elapsed wall time 1.337 secs

 Step: 36, Mon May 28 20:57:43 2018
 Time: 36.000 au, 0.871 fs
 Dump wavepackets
 0 1.000126225898 0.015275942211944
 T 1.000126225898 0.015275942211944
 Elapsed wall time 1.337 secs

 Step: 37, Mon May 28 20:57:44 2018
 Time: 37.000 au, 0.895 fs
 Dump wavepackets
 0 1.0001204681451 0.015275848523612
 T 1.0001204681451 0.015275848523612
 Elapsed wall time 1.338 secs

 Step: 38, Mon May 28 20:57:45 2018
 Time: 38.000 au, 0.919 fs
 Dump wavepackets
 0 1.0001147983439 0.015275759545068
 T 1.0001147983439 0.015275759545068
 Elapsed wall time 1.337 secs

 Step: 39, Mon May 28 20:57:47 2018
 Time: 39.000 au, 0.943 fs
 Dump wavepackets
 0 1.0001092206465 0.01527567518705
 T 1.0001092206465 0.01527567518705
 Elapsed wall time 1.337 secs

 Step: 40, Mon May 28 20:57:48 2018
 Time: 40.000 au, 0.968 fs
 Dump wavepackets
 0 1.000103738544 0.015275595343133
 T 1.000103738544 0.015275595343133
 Elapsed wall time 1.338 secs

 Step: 41, Mon May 28 20:57:49 2018
 Time: 41.000 au, 0.992 fs
 Dump wavepackets
 0 1.0000983549141 0.015275519892613
 T 1.0000983549141 0.015275519892613
 Elapsed wall time 1.338 secs

 Step: 42, Mon May 28 20:57:51 2018
 Time: 42.000 au, 1.016 fs
 Dump wavepackets
 0 1.0000930720686 0.015275448703165
 T 1.0000930720686 0.015275448703165
 Elapsed wall time 1.337 secs

 Step: 43, Mon May 28 20:57:52 2018
 Time: 43.000 au, 1.040 fs
 Dump wavepackets
 0 1.0000878917996 0.015275381633267
 T 1.0000878917996 0.015275381633267
 Elapsed wall time 1.337 secs

 Step: 44, Mon May 28 20:57:53 2018
 Time: 44.000 au, 1.064 fs
 Dump wavepackets
 0 1.0000828154233 0.015275318534388
 T 1.0000828154233 0.015275318534388
 Elapsed wall time 1.337 secs

 Step: 45, Mon May 28 20:57:55 2018
 Time: 45.000 au, 1.088 fs
 Dump wavepackets
 0 1.0000778438239 0.015275259252957
 T 1.0000778438239 0.015275259252957
 Elapsed wall time 1.338 secs

 Step: 46, Mon May 28 20:57:56 2018
 Time: 46.000 au, 1.113 fs
 Dump wavepackets
 0 1.0000729774938 0.015275203632109
 T 1.0000729774938 0.015275203632109
 Elapsed wall time 1.338 secs

 Step: 47, Mon May 28 20:57:57 2018
 Time: 47.000 au, 1.137 fs
 Dump wavepackets
 0 1.0000682165729 0.015275151513231
 T 1.0000682165729 0.015275151513231
 Elapsed wall time 1.337 secs

 Step: 48, Mon May 28 20:57:59 2018
 Time: 48.000 au, 1.161 fs
 Dump wavepackets
 0 1.0000635608851 0.015275102737305
 T 1.0000635608851 0.015275102737305
 Elapsed wall time 1.338 secs

 Step: 49, Mon May 28 20:58:00 2018
 Time: 49.000 au, 1.185 fs
 Dump wavepackets
 0 1.000059009973 0.015275057146074
 T 1.000059009973 0.015275057146074
 Elapsed wall time 1.337 secs

 Step: 50, Mon May 28 20:58:01 2018
 Time: 50.000 au, 1.209 fs
 Dump wavepackets
 0 1.0000545631297 0.015275014583042
 T 1.0000545631297 0.015275014583042
 Elapsed wall time 1.339 secs

 Step: 51, Mon May 28 20:58:03 2018
 Time: 51.000 au, 1.234 fs
 Dump wavepackets
 0 1.0000502194295 0.015274974894314
 T 1.0000502194295 0.015274974894314
 Elapsed wall time 1.338 secs

 Step: 52, Mon May 28 20:58:04 2018
 Time: 52.000 au, 1.258 fs
 Dump wavepackets
 0 1.0000459777551 0.015274937929303
 T 1.0000459777551 0.015274937929303
 Elapsed wall time 1.338 secs

 Step: 53, Mon May 28 20:58:05 2018
 Time: 53.000 au, 1.282 fs
 Dump wavepackets
 0 1.0000418368237 0.015274903541301
 T 1.0000418368237 0.015274903541301
 Elapsed wall time 1.337 secs

 Step: 54, Mon May 28 20:58:07 2018
 Time: 54.000 au, 1.306 fs
 Dump wavepackets
 0 1.0000377952102 0.01527487158795
 T 1.0000377952102 0.01527487158795
 Elapsed wall time 1.338 secs

 Step: 55, Mon May 28 20:58:08 2018
 Time: 55.000 au, 1.330 fs
 Dump wavepackets
 0 1.0000338513692 0.015274841931598
 T 1.0000338513692 0.015274841931598
 Elapsed wall time 1.338 secs

 Step: 56, Mon May 28 20:58:09 2018
 Time: 56.000 au, 1.355 fs
 Dump wavepackets
 0 1.0000300036544 0.015274814439574
 T 1.0000300036544 0.015274814439574
 Elapsed wall time 1.340 secs

 Step: 57, Mon May 28 20:58:11 2018
 Time: 57.000 au, 1.379 fs
 Dump wavepackets
 0 1.0000262503368 0.015274788984382
 T 1.0000262503368 0.015274788984382
 Elapsed wall time 1.338 secs

 Step: 58, Mon May 28 20:58:12 2018
 Time: 58.000 au, 1.403 fs
 Dump wavepackets
 0 1.0000225896207 0.015274765443828
 T 1.0000225896207 0.015274765443828
 Elapsed wall time 1.338 secs

 Step: 59, Mon May 28 20:58:13 2018
 Time: 59.000 au, 1.427 fs
 Dump wavepackets
 0 1.0000190196583 0.015274743701085
 T 1.0000190196583 0.015274743701085
 Elapsed wall time 1.337 secs

 Step: 60, Mon May 28 20:58:15 2018
 Time: 60.000 au, 1.451 fs
 Dump wavepackets
 0 1.0000155385634 0.015274723644709
 T 1.0000155385634 0.015274723644709
 Elapsed wall time 1.338 secs

 Step: 61, Mon May 28 20:58:16 2018
 Time: 61.000 au, 1.476 fs
 Dump wavepackets
 0 1.0000121444222 0.015274705168616
 T 1.0000121444222 0.015274705168616
 Elapsed wall time 1.337 secs

 Step: 62, Mon May 28 20:58:17 2018
 Time: 62.000 au, 1.500 fs
 Dump wavepackets
 0 1.0000088353048 0.015274688172012
 T 1.0000088353048 0.015274688172012
 Elapsed wall time 1.337 secs

 Step: 63, Mon May 28 20:58:19 2018
 Time: 63.000 au, 1.524 fs
 Dump wavepackets
 0 1.0000056092738 0.015274672559306
 T 1.0000056092738 0.015274672559306
 Elapsed wall time 1.341 secs

 Step: 64, Mon May 28 20:58:20 2018
 Time: 64.000 au, 1.548 fs
 Dump wavepackets
 0 1.0000024643929 0.015274658239988
 T 1.0000024643929 0.015274658239988
 Elapsed wall time 1.337 secs

 Step: 65, Mon May 28 20:58:21 2018
 Time: 65.000 au, 1.572 fs
 Dump wavepackets
 0 0.99999939873397 0.015274645128494
 T 0.99999939873397 0.015274645128494
 Elapsed wall time 1.338 secs

 Step: 66, Mon May 28 20:58:23 2018
 Time: 66.000 au, 1.596 fs
 Dump wavepackets
 0 0.99999641038345 0.015274633144053
 T 0.99999641038345 0.015274633144053
 Elapsed wall time 1.338 secs

 Step: 67, Mon May 28 20:58:24 2018
 Time: 67.000 au, 1.621 fs
 Dump wavepackets
 0 0.99999349744774 0.01527462221052
 T 0.99999349744774 0.01527462221052
 Elapsed wall time 1.337 secs

 Step: 68, Mon May 28 20:58:25 2018
 Time: 68.000 au, 1.645 fs
 Dump wavepackets
 0 0.99999065805798 0.015274612256204
 T 0.99999065805798 0.015274612256204
 Elapsed wall time 1.338 secs

 Step: 69, Mon May 28 20:58:27 2018
 Time: 69.000 au, 1.669 fs
 Dump wavepackets
 0 0.99998789037407 0.015274603213689
 T 0.99998789037407 0.015274603213689
 Elapsed wall time 1.338 secs

 Step: 70, Mon May 28 20:58:28 2018
 Time: 70.000 au, 1.693 fs
 Dump wavepackets
 0 0.9999851925881 0.015274595019651
 T 0.9999851925881 0.015274595019651
 Elapsed wall time 1.338 secs

 Step: 71, Mon May 28 20:58:30 2018
 Time: 71.000 au, 1.717 fs
 Dump wavepackets
 0 0.99998256292718 0.015274587614672
 T 0.99998256292718 0.015274587614672
 Elapsed wall time 1.337 secs

 Step: 72, Mon May 28 20:58:31 2018
 Time: 72.000 au, 1.742 fs
 Dump wavepackets
 0 0.99997999965582 0.015274580943061
 T 0.99997999965582 0.015274580943061
 Elapsed wall time 1.338 secs

 Step: 73, Mon May 28 20:58:32 2018
 Time: 73.000 au, 1.766 fs
 Dump wavepackets
 0 0.99997750107782 0.015274574952665
 T 0.99997750107782 0.015274574952665
 Elapsed wall time 1.338 secs

 Step: 74, Mon May 28 20:58:34 2018
 Time: 74.000 au, 1.790 fs
 Dump wavepackets
 0 0.99997506553777 0.015274569594696
 T 0.99997506553777 0.015274569594696
 Elapsed wall time 1.338 secs

 Step: 75, Mon May 28 20:58:35 2018
 Time: 75.000 au, 1.814 fs
 Dump wavepackets
 0 0.99997269142218 0.015274564823552
 T 0.99997269142218 0.015274564823552
 Elapsed wall time 1.337 secs

 Step: 76, Mon May 28 20:58:36 2018
 Time: 76.000 au, 1.838 fs
 Dump wavepackets
 0 0.99997037716034 0.015274560596647
 T 0.99997037716034 0.015274560596647
 Elapsed wall time 1.338 secs

 Step: 77, Mon May 28 20:58:38 2018
 Time: 77.000 au, 1.863 fs
 Dump wavepackets
 0 0.9999681212248 0.015274556874243
 T 0.9999681212248 0.015274556874243
 Elapsed wall time 1.338 secs

 Step: 78, Mon May 28 20:58:39 2018
 Time: 78.000 au, 1.887 fs
 Dump wavepackets
 0 0.99996592213173 0.015274553619294
 T 0.99996592213173 0.015274553619294
 Elapsed wall time 1.337 secs

 Step: 79, Mon May 28 20:58:40 2018
 Time: 79.000 au, 1.911 fs
 Dump wavepackets
 0 0.99996377844095 0.015274550797288
 T 0.99996377844095 0.015274550797288
 Elapsed wall time 1.338 secs

 Step: 80, Mon May 28 20:58:42 2018
 Time: 80.000 au, 1.935 fs
 Dump wavepackets
 0 0.99996168875581 0.015274548376101
 T 0.99996168875581 0.015274548376101
 Elapsed wall time 1.337 secs

 Step: 81, Mon May 28 20:58:43 2018
 Time: 81.000 au, 1.959 fs
 Dump wavepackets
 0 0.99995965172295 0.015274546325854
 T 0.99995965172295 0.015274546325854
 Elapsed wall time 1.338 secs

 Step: 82, Mon May 28 20:58:44 2018
 Time: 82.000 au, 1.983 fs
 Dump wavepackets
 0 0.99995766603183 0.015274544618777
 T 0.99995766603183 0.015274544618777
 Elapsed wall time 1.337 secs

 Step: 83, Mon May 28 20:58:46 2018
 Time: 83.000 au, 2.008 fs
 Dump wavepackets
 0 0.99995573041423 0.015274543229082
 T 0.99995573041423 0.015274543229082
 Elapsed wall time 1.337 secs

 Step: 84, Mon May 28 20:58:47 2018
 Time: 84.000 au, 2.032 fs
 Dump wavepackets
 0 0.99995384364355 0.015274542132839
 T 0.99995384364355 0.015274542132839
 Elapsed wall time 1.338 secs

 Step: 85, Mon May 28 20:58:48 2018
 Time: 85.000 au, 2.056 fs
 Dump wavepackets
 0 0.99995200453411 0.015274541307856
 T 0.99995200453411 0.015274541307856
 Elapsed wall time 1.338 secs

 Step: 86, Mon May 28 20:58:50 2018
 Time: 86.000 au, 2.080 fs
 Dump wavepackets
 0 0.99995021194032 0.015274540733575
 T 0.99995021194032 0.015274540733575
 Elapsed wall time 1.337 secs

 Step: 87, Mon May 28 20:58:51 2018
 Time: 87.000 au, 2.104 fs
 Dump wavepackets
 0 0.9999484647558 0.015274540390964
 T 0.9999484647558 0.015274540390964
 Elapsed wall time 1.337 secs

 Step: 88, Mon May 28 20:58:52 2018
 Time: 88.000 au, 2.129 fs
 Dump wavepackets
 0 0.99994676191249 0.015274540262414
 T 0.99994676191249 0.015274540262414
 Elapsed wall time 1.338 secs

 Step: 89, Mon May 28 20:58:54 2018
 Time: 89.000 au, 2.153 fs
 Dump wavepackets
 0 0.99994510237964 0.015274540331653
 T 0.99994510237964 0.015274540331653
 Elapsed wall time 1.338 secs

 Step: 90, Mon May 28 20:58:55 2018
 Time: 90.000 au, 2.177 fs
 Dump wavepackets
 0 0.99994348516287 0.015274540583652
 T 0.99994348516287 0.015274540583652
 Elapsed wall time 1.337 secs

 Step: 91, Mon May 28 20:58:56 2018
 Time: 91.000 au, 2.201 fs
 Dump wavepackets
 0 0.99994190930312 0.015274541004547
 T 0.99994190930312 0.015274541004547
 Elapsed wall time 1.337 secs

 Step: 92, Mon May 28 20:58:58 2018
 Time: 92.000 au, 2.225 fs
 Dump wavepackets
 0 0.99994037387565 0.015274541581555
 T 0.99994037387565 0.015274541581555
 Elapsed wall time 1.338 secs

 Step: 93, Mon May 28 20:58:59 2018
 Time: 93.000 au, 2.250 fs
 Dump wavepackets
 0 0.99993887798897 0.015274542302906
 T 0.99993887798897 0.015274542302906
 Elapsed wall time 1.337 secs

 Step: 94, Mon May 28 20:59:00 2018
 Time: 94.000 au, 2.274 fs
 Dump wavepackets
 0 0.99993742078384 0.015274543157769
 T 0.99993742078384 0.015274543157769
 Elapsed wall time 1.338 secs

 Step: 95, Mon May 28 20:59:02 2018
 Time: 95.000 au, 2.298 fs
 Dump wavepackets
 0 0.99993600143224 0.015274544136194
 T 0.99993600143224 0.015274544136194
 Elapsed wall time 1.337 secs

 Step: 96, Mon May 28 20:59:03 2018
 Time: 96.000 au, 2.322 fs
 Dump wavepackets
 0 0.99993461913628 0.015274545229042
 T 0.99993461913628 0.015274545229042
 Elapsed wall time 1.337 secs

 Step: 97, Mon May 28 20:59:04 2018
 Time: 97.000 au, 2.346 fs
 Dump wavepackets
 0 0.99993327312725 0.015274546427937
 T 0.99993327312725 0.015274546427937
 Elapsed wall time 1.338 secs

 Step: 98, Mon May 28 20:59:06 2018
 Time: 98.000 au, 2.371 fs
 Dump wavepackets
 0 0.99993196266457 0.015274547725207
 T 0.99993196266457 0.015274547725207
 Elapsed wall time 1.338 secs

 Step: 99, Mon May 28 20:59:07 2018
 Time: 99.000 au, 2.395 fs
 Dump wavepackets
 0 0.9999306870348 0.015274549113837
 T 0.9999306870348 0.015274549113837
 Elapsed wall time 1.337 secs

 Step: 100, Mon May 28 20:59:08 2018
 Time: 100.000 au, 2.419 fs
 Dump wavepackets
 Calculate reaction probabilities 1
 0 0.99992944555068 0.015274550587418
 T 0.99992944555068 0.015274550587418
 Matlab script OHClMatlab
 From OHClMatlab
 Figure: crp/000000000.png
 Save reaction probabilities to CRPMat-j0-v0.mat
 Figure: potwave/000000001.png
 Elapsed wall time 6.577 secs

 Step: 101, Mon May 28 20:59:15 2018
 Time: 101.000 au, 2.443 fs
 Dump wavepackets
 0 0.99992823755015 0.01527455214011
 T 0.99992823755015 0.01527455214011
 Elapsed wall time 1.332 secs

 Step: 102, Mon May 28 20:59:16 2018
 Time: 102.000 au, 2.467 fs
 Dump wavepackets
 0 0.99992706239545 0.015274553766595
 T 0.99992706239545 0.015274553766595
 Elapsed wall time 1.337 secs

 Step: 103, Mon May 28 20:59:18 2018
 Time: 103.000 au, 2.491 fs
 Dump wavepackets
 0 0.99992591947214 0.015274555462041
 T 0.99992591947214 0.015274555462041
 Elapsed wall time 1.338 secs

 Step: 104, Mon May 28 20:59:19 2018
 Time: 104.000 au, 2.516 fs
 Dump wavepackets
 0 0.99992480818828 0.015274557222067
 T 0.99992480818828 0.015274557222067
 Elapsed wall time 1.337 secs

 Step: 105, Mon May 28 20:59:20 2018
 Time: 105.000 au, 2.540 fs
 Dump wavepackets
 0 0.9999237279735 0.015274559042711
 T 0.9999237279735 0.015274559042711
 Elapsed wall time 1.337 secs

 Step: 106, Mon May 28 20:59:22 2018
 Time: 106.000 au, 2.564 fs
 Dump wavepackets
 0 0.9999226782782 0.015274560920392
 T 0.9999226782782 0.015274560920392
 Elapsed wall time 1.338 secs

 Step: 107, Mon May 28 20:59:23 2018
 Time: 107.000 au, 2.588 fs
 Dump wavepackets
 0 0.99992165857269 0.015274562851891
 T 0.99992165857269 0.015274562851891
 Elapsed wall time 1.338 secs

 Step: 108, Mon May 28 20:59:24 2018
 Time: 108.000 au, 2.612 fs
 Dump wavepackets
 0 0.99992066834639 0.015274564834317
 T 0.99992066834639 0.015274564834317
 Elapsed wall time 1.337 secs

 Step: 109, Mon May 28 20:59:26 2018
 Time: 109.000 au, 2.637 fs
 Dump wavepackets
 0 0.99991970710709 0.015274566865082
 T 0.99991970710709 0.015274566865082
 Elapsed wall time 1.337 secs

 Step: 110, Mon May 28 20:59:27 2018
 Time: 110.000 au, 2.661 fs
 Dump wavepackets
 0 0.99991877438018 0.015274568941881
 T 0.99991877438018 0.015274568941881
 Elapsed wall time 1.337 secs

 Step: 111, Mon May 28 20:59:28 2018
 Time: 111.000 au, 2.685 fs
 Dump wavepackets
 0 0.9999178697079 0.015274571062667
 T 0.9999178697079 0.015274571062667
 Elapsed wall time 1.337 secs

 Step: 112, Mon May 28 20:59:30 2018
 Time: 112.000 au, 2.709 fs
 Dump wavepackets
 0 0.99991699264867 0.015274573225633
 T 0.99991699264867 0.015274573225633
 Elapsed wall time 1.338 secs

 Step: 113, Mon May 28 20:59:31 2018
 Time: 113.000 au, 2.733 fs
 Dump wavepackets
 0 0.99991614277639 0.015274575429191
 T 0.99991614277639 0.015274575429191
 Elapsed wall time 1.338 secs

 Step: 114, Mon May 28 20:59:32 2018
 Time: 114.000 au, 2.758 fs
 Dump wavepackets
 0 0.99991531967981 0.015274577671954
 T 0.99991531967981 0.015274577671954
 Elapsed wall time 1.338 secs

 Step: 115, Mon May 28 20:59:34 2018
 Time: 115.000 au, 2.782 fs
 Dump wavepackets
 0 0.99991452296184 0.015274579952722
 T 0.99991452296184 0.015274579952722
 Elapsed wall time 1.337 secs

 Step: 116, Mon May 28 20:59:35 2018
 Time: 116.000 au, 2.806 fs
 Dump wavepackets
 0 0.99991375223901 0.015274582270466
 T 0.99991375223901 0.015274582270466
 Elapsed wall time 1.338 secs

 Step: 117, Mon May 28 20:59:36 2018
 Time: 117.000 au, 2.830 fs
 Dump wavepackets
 0 0.99991300714082 0.015274584624309
 T 0.99991300714082 0.015274584624309
 Elapsed wall time 1.337 secs

 Step: 118, Mon May 28 20:59:38 2018
 Time: 118.000 au, 2.854 fs
 Dump wavepackets
 0 0.9999122873092 0.01527458701352
 T 0.9999122873092 0.01527458701352
 Elapsed wall time 1.337 secs

 Step: 119, Mon May 28 20:59:39 2018
 Time: 119.000 au, 2.878 fs
 Dump wavepackets
 0 0.99991159239795 0.015274589437499
 T 0.99991159239795 0.015274589437499
 Elapsed wall time 1.338 secs

 Step: 120, Mon May 28 20:59:40 2018
 Time: 120.000 au, 2.903 fs
 Dump wavepackets
 0 0.99991092207223 0.015274591895761
 T 0.99991092207223 0.015274591895761
 Elapsed wall time 1.338 secs

 Step: 121, Mon May 28 20:59:42 2018
 Time: 121.000 au, 2.927 fs
 Dump wavepackets
 0 0.99991027600803 0.015274594387932
 T 0.99991027600803 0.015274594387932
 Elapsed wall time 1.337 secs

 Step: 122, Mon May 28 20:59:43 2018
 Time: 122.000 au, 2.951 fs
 Dump wavepackets
 0 0.99990965389168 0.015274596913736
 T 0.99990965389168 0.015274596913736
 Elapsed wall time 1.337 secs

 Step: 123, Mon May 28 20:59:44 2018
 Time: 123.000 au, 2.975 fs
 Dump wavepackets
 0 0.9999090554194 0.015274599472986
 T 0.9999090554194 0.015274599472986
 Elapsed wall time 1.337 secs

 Step: 124, Mon May 28 20:59:46 2018
 Time: 124.000 au, 2.999 fs
 Dump wavepackets
 0 0.99990848029684 0.015274602065574
 T 0.99990848029684 0.015274602065574
 Elapsed wall time 1.337 secs

 Step: 125, Mon May 28 20:59:47 2018
 Time: 125.000 au, 3.024 fs
 Dump wavepackets
 0 0.99990792823861 0.015274604691467
 T 0.99990792823861 0.015274604691467
 Elapsed wall time 1.338 secs

 Step: 126, Mon May 28 20:59:48 2018
 Time: 126.000 au, 3.048 fs
 Dump wavepackets
 0 0.99990739896792 0.015274607350695
 T 0.99990739896792 0.015274607350695
 Elapsed wall time 1.338 secs

 Step: 127, Mon May 28 20:59:50 2018
 Time: 127.000 au, 3.072 fs
 Dump wavepackets
 0 0.99990689221613 0.015274610043349
 T 0.99990689221613 0.015274610043349
 Elapsed wall time 1.337 secs

 Step: 128, Mon May 28 20:59:51 2018
 Time: 128.000 au, 3.096 fs
 Dump wavepackets
 0 0.99990640772238 0.015274612769569
 T 0.99990640772238 0.015274612769569
 Elapsed wall time 1.337 secs

 Step: 129, Mon May 28 20:59:52 2018
 Time: 129.000 au, 3.120 fs
 Dump wavepackets
 0 0.99990594523323 0.015274615529543
 T 0.99990594523323 0.015274615529543
 Elapsed wall time 1.337 secs

 Step: 130, Mon May 28 20:59:54 2018
 Time: 130.000 au, 3.145 fs
 Dump wavepackets
 0 0.99990550450226 0.015274618323501
 T 0.99990550450226 0.015274618323501
 Elapsed wall time 1.337 secs

 Step: 131, Mon May 28 20:59:55 2018
 Time: 131.000 au, 3.169 fs
 Dump wavepackets
 0 0.9999050852898 0.015274621151705
 T 0.9999050852898 0.015274621151705
 Elapsed wall time 1.338 secs

 Step: 132, Mon May 28 20:59:56 2018
 Time: 132.000 au, 3.193 fs
 Dump wavepackets
 0 0.99990468736252 0.015274624014453
 T 0.99990468736252 0.015274624014453
 Elapsed wall time 1.338 secs

 Step: 133, Mon May 28 20:59:58 2018
 Time: 133.000 au, 3.217 fs
 Dump wavepackets
 0 0.99990431049318 0.015274626912066
 T 0.99990431049318 0.015274626912066
 Elapsed wall time 1.337 secs

 Step: 134, Mon May 28 20:59:59 2018
 Time: 134.000 au, 3.241 fs
 Dump wavepackets
 0 0.99990395446027 0.015274629844889
 T 0.99990395446027 0.015274629844889
 Elapsed wall time 1.337 secs

 Step: 135, Mon May 28 21:00:00 2018
 Time: 135.000 au, 3.265 fs
 Dump wavepackets
 0 0.99990361904776 0.015274632813287
 T 0.99990361904776 0.015274632813287
 Elapsed wall time 1.337 secs

 Step: 136, Mon May 28 21:00:02 2018
 Time: 136.000 au, 3.290 fs
 Dump wavepackets
 0 0.99990330404482 0.015274635817639
 T 0.99990330404482 0.015274635817639
 Elapsed wall time 1.337 secs

 Step: 137, Mon May 28 21:00:03 2018
 Time: 137.000 au, 3.314 fs
 Dump wavepackets
 0 0.99990300924552 0.015274638858338
 T 0.99990300924552 0.015274638858338
 Elapsed wall time 1.338 secs

 Step: 138, Mon May 28 21:00:04 2018
 Time: 138.000 au, 3.338 fs
 Dump wavepackets
 0 0.99990273444859 0.015274641935787
 T 0.99990273444859 0.015274641935787
 Elapsed wall time 1.337 secs

 Step: 139, Mon May 28 21:00:06 2018
 Time: 139.000 au, 3.362 fs
 Dump wavepackets
 0 0.99990247945718 0.015274645050394
 T 0.99990247945718 0.015274645050394
 Elapsed wall time 1.337 secs

 Step: 140, Mon May 28 21:00:07 2018
 Time: 140.000 au, 3.386 fs
 Dump wavepackets
 0 0.99990224407864 0.015274648202574
 T 0.99990224407864 0.015274648202574
 Elapsed wall time 1.338 secs

 Step: 141, Mon May 28 21:00:08 2018
 Time: 141.000 au, 3.411 fs
 Dump wavepackets
 0 0.99990202812422 0.015274651392743
 T 0.99990202812422 0.015274651392743
 Elapsed wall time 1.342 secs

 Step: 142, Mon May 28 21:00:10 2018
 Time: 142.000 au, 3.435 fs
 Dump wavepackets
 0 0.99990183140896 0.015274654621317
 T 0.99990183140896 0.015274654621317
 Elapsed wall time 1.337 secs

 Step: 143, Mon May 28 21:00:11 2018
 Time: 143.000 au, 3.459 fs
 Dump wavepackets
 0 0.99990165375138 0.01527465788871
 T 0.99990165375138 0.01527465788871
 Elapsed wall time 1.337 secs

 Step: 144, Mon May 28 21:00:12 2018
 Time: 144.000 au, 3.483 fs
 Dump wavepackets
 0 0.99990149497334 0.015274661195334
 T 0.99990149497334 0.015274661195334
 Elapsed wall time 1.337 secs

 Step: 145, Mon May 28 21:00:14 2018
 Time: 145.000 au, 3.507 fs
 Dump wavepackets
 0 0.99990135489985 0.015274664541594
 T 0.99990135489985 0.015274664541594
 Elapsed wall time 1.337 secs

 Step: 146, Mon May 28 21:00:15 2018
 Time: 146.000 au, 3.532 fs
 Dump wavepackets
 0 0.99990123335884 0.01527466792789
 T 0.99990123335884 0.01527466792789
 Elapsed wall time 1.338 secs

 Step: 147, Mon May 28 21:00:16 2018
 Time: 147.000 au, 3.556 fs
 Dump wavepackets
 0 0.99990113018103 0.015274671354614
 T 0.99990113018103 0.015274671354614
 Elapsed wall time 1.337 secs

 Step: 148, Mon May 28 21:00:18 2018
 Time: 148.000 au, 3.580 fs
 Dump wavepackets
 0 0.99990104519974 0.015274674822148
 T 0.99990104519974 0.015274674822148
 Elapsed wall time 1.338 secs

 Step: 149, Mon May 28 21:00:19 2018
 Time: 149.000 au, 3.604 fs
 Dump wavepackets
 0 0.99990097825075 0.015274678330864
 T 0.99990097825075 0.015274678330864
 Elapsed wall time 1.338 secs

 Step: 150, Mon May 28 21:00:20 2018
 Time: 150.000 au, 3.628 fs
 Dump wavepackets
 0 0.9999009291721 0.015274681881123
 T 0.9999009291721 0.015274681881123
 Elapsed wall time 1.337 secs

 Step: 151, Mon May 28 21:00:22 2018
 Time: 151.000 au, 3.653 fs
 Dump wavepackets
 0 0.99990089780398 0.015274685473272
 T 0.99990089780398 0.015274685473272
 Elapsed wall time 1.337 secs

 Step: 152, Mon May 28 21:00:23 2018
 Time: 152.000 au, 3.677 fs
 Dump wavepackets
 0 0.9999008839886 0.015274689107649
 T 0.9999008839886 0.015274689107649
 Elapsed wall time 1.346 secs

 Step: 153, Mon May 28 21:00:24 2018
 Time: 153.000 au, 3.701 fs
 Dump wavepackets
 0 0.99990088757001 0.015274692784574
 T 0.99990088757001 0.015274692784574
 Elapsed wall time 1.337 secs

 Step: 154, Mon May 28 21:00:26 2018
 Time: 154.000 au, 3.725 fs
 Dump wavepackets
 0 0.99990090839401 0.015274696504354
 T 0.99990090839401 0.015274696504354
 Elapsed wall time 1.341 secs

 Step: 155, Mon May 28 21:00:27 2018
 Time: 155.000 au, 3.749 fs
 Dump wavepackets
 0 0.99990094630799 0.015274700267281
 T 0.99990094630799 0.015274700267281
 Elapsed wall time 1.337 secs

 Step: 156, Mon May 28 21:00:28 2018
 Time: 156.000 au, 3.773 fs
 Dump wavepackets
 0 0.99990100116086 0.015274704073633
 T 0.99990100116086 0.015274704073633
 Elapsed wall time 1.337 secs

 Step: 157, Mon May 28 21:00:30 2018
 Time: 157.000 au, 3.798 fs
 Dump wavepackets
 0 0.99990107280288 0.015274707923667
 T 0.99990107280288 0.015274707923667
 Elapsed wall time 1.338 secs

 Step: 158, Mon May 28 21:00:31 2018
 Time: 158.000 au, 3.822 fs
 Dump wavepackets
 0 0.99990116108559 0.01527471181763
 T 0.99990116108559 0.01527471181763
 Elapsed wall time 1.337 secs

 Step: 159, Mon May 28 21:00:32 2018
 Time: 159.000 au, 3.846 fs
 Dump wavepackets
 0 0.9999012658617 0.015274715755746
 T 0.9999012658617 0.015274715755746
 Elapsed wall time 1.338 secs

 Step: 160, Mon May 28 21:00:34 2018
 Time: 160.000 au, 3.870 fs
 Dump wavepackets
 0 0.99990138698498 0.015274719738224
 T 0.99990138698498 0.015274719738224
 Elapsed wall time 1.337 secs

 Step: 161, Mon May 28 21:00:35 2018
 Time: 161.000 au, 3.894 fs
 Dump wavepackets
 0 0.99990152431019 0.015274723765258
 T 0.99990152431019 0.015274723765258
 Elapsed wall time 1.338 secs

 Step: 162, Mon May 28 21:00:36 2018
 Time: 162.000 au, 3.919 fs
 Dump wavepackets
 0 0.99990167769294 0.01527472783702
 T 0.99990167769294 0.01527472783702
 Elapsed wall time 1.337 secs

 Step: 163, Mon May 28 21:00:38 2018
 Time: 163.000 au, 3.943 fs
 Dump wavepackets
 0 0.99990184698966 0.015274731953666
 T 0.99990184698966 0.015274731953666
 Elapsed wall time 1.338 secs

 Step: 164, Mon May 28 21:00:39 2018
 Time: 164.000 au, 3.967 fs
 Dump wavepackets
 0 0.9999020320575 0.015274736115334
 T 0.9999020320575 0.015274736115334
 Elapsed wall time 1.337 secs

 Step: 165, Mon May 28 21:00:40 2018
 Time: 165.000 au, 3.991 fs
 Dump wavepackets
 0 0.99990223275421 0.015274740322143
 T 0.99990223275421 0.015274740322143
 Elapsed wall time 1.337 secs

 Step: 166, Mon May 28 21:00:42 2018
 Time: 166.000 au, 4.015 fs
 Dump wavepackets
 0 0.99990244893813 0.015274744574193
 T 0.99990244893813 0.015274744574193
 Elapsed wall time 1.337 secs

 Step: 167, Mon May 28 21:00:43 2018
 Time: 167.000 au, 4.040 fs
 Dump wavepackets
 0 0.99990268046809 0.015274748871567
 T 0.99990268046809 0.015274748871567
 Elapsed wall time 1.337 secs

 Step: 168, Mon May 28 21:00:44 2018
 Time: 168.000 au, 4.064 fs
 Dump wavepackets
 0 0.99990292720333 0.015274753214328
 T 0.99990292720333 0.015274753214328
 Elapsed wall time 1.342 secs

 Step: 169, Mon May 28 21:00:46 2018
 Time: 169.000 au, 4.088 fs
 Dump wavepackets
 0 0.99990318900345 0.015274757602522
 T 0.99990318900345 0.015274757602522
 Elapsed wall time 1.337 secs

 Step: 170, Mon May 28 21:00:47 2018
 Time: 170.000 au, 4.112 fs
 Dump wavepackets
 0 0.99990346572834 0.015274762036174
 T 0.99990346572834 0.015274762036174
 Elapsed wall time 1.337 secs

 Step: 171, Mon May 28 21:00:49 2018
 Time: 171.000 au, 4.136 fs
 Dump wavepackets
 0 0.99990375723814 0.015274766515293
 T 0.99990375723814 0.015274766515293
 Elapsed wall time 1.337 secs

 Step: 172, Mon May 28 21:00:50 2018
 Time: 172.000 au, 4.160 fs
 Dump wavepackets
 0 0.99990406339316 0.015274771039867
 T 0.99990406339316 0.015274771039867
 Elapsed wall time 1.337 secs

 Step: 173, Mon May 28 21:00:51 2018
 Time: 173.000 au, 4.185 fs
 Dump wavepackets
 0 0.99990438405384 0.015274775609867
 T 0.99990438405384 0.015274775609867
 Elapsed wall time 1.337 secs

 Step: 174, Mon May 28 21:00:53 2018
 Time: 174.000 au, 4.209 fs
 Dump wavepackets
 0 0.99990471908072 0.015274780225245
 T 0.99990471908072 0.015274780225245
 Elapsed wall time 1.338 secs

 Step: 175, Mon May 28 21:00:54 2018
 Time: 175.000 au, 4.233 fs
 Dump wavepackets
 0 0.99990506833434 0.015274784885935
 T 0.99990506833434 0.015274784885935
 Elapsed wall time 1.337 secs

 Step: 176, Mon May 28 21:00:55 2018
 Time: 176.000 au, 4.257 fs
 Dump wavepackets
 0 0.99990543167525 0.015274789591852
 T 0.99990543167525 0.015274789591852
 Elapsed wall time 1.337 secs

 Step: 177, Mon May 28 21:00:57 2018
 Time: 177.000 au, 4.281 fs
 Dump wavepackets
 0 0.99990580896394 0.015274794342895
 T 0.99990580896394 0.015274794342895
 Elapsed wall time 1.338 secs

 Step: 178, Mon May 28 21:00:58 2018
 Time: 178.000 au, 4.306 fs
 Dump wavepackets
 0 0.9999062000608 0.015274799138941
 T 0.9999062000608 0.015274799138941
 Elapsed wall time 1.337 secs

 Step: 179, Mon May 28 21:00:59 2018
 Time: 179.000 au, 4.330 fs
 Dump wavepackets
 0 0.99990660482608 0.015274803979853
 T 0.99990660482608 0.015274803979853
 Elapsed wall time 1.343 secs

 Step: 180, Mon May 28 21:01:01 2018
 Time: 180.000 au, 4.354 fs
 Dump wavepackets
 0 0.99990702311989 0.015274808865474
 T 0.99990702311989 0.015274808865474
 Elapsed wall time 1.337 secs

 Step: 181, Mon May 28 21:01:02 2018
 Time: 181.000 au, 4.378 fs
 Dump wavepackets
 0 0.99990745480212 0.015274813795629
 T 0.99990745480212 0.015274813795629
 Elapsed wall time 1.337 secs

 Step: 182, Mon May 28 21:01:03 2018
 Time: 182.000 au, 4.402 fs
 Dump wavepackets
 0 0.99990789973241 0.015274818770129
 T 0.99990789973241 0.015274818770129
 Elapsed wall time 1.337 secs

 Step: 183, Mon May 28 21:01:05 2018
 Time: 183.000 au, 4.427 fs
 Dump wavepackets
 0 0.99990835777017 0.015274823788763
 T 0.99990835777017 0.015274823788763
 Elapsed wall time 1.338 secs

 Step: 184, Mon May 28 21:01:06 2018
 Time: 184.000 au, 4.451 fs
 Dump wavepackets
 0 0.9999088287745 0.015274828851306
 T 0.9999088287745 0.015274828851306
 Elapsed wall time 1.337 secs

 Step: 185, Mon May 28 21:01:07 2018
 Time: 185.000 au, 4.475 fs
 Dump wavepackets
 0 0.99990931260418 0.015274833957514
 T 0.99990931260418 0.015274833957514
 Elapsed wall time 1.337 secs

 Step: 186, Mon May 28 21:01:09 2018
 Time: 186.000 au, 4.499 fs
 Dump wavepackets
 0 0.99990980911768 0.015274839107129
 T 0.99990980911768 0.015274839107129
 Elapsed wall time 1.338 secs

 Step: 187, Mon May 28 21:01:10 2018
 Time: 187.000 au, 4.523 fs
 Dump wavepackets
 0 0.99991031817306 0.015274844299875
 T 0.99991031817306 0.015274844299875
 Elapsed wall time 1.337 secs

 Step: 188, Mon May 28 21:01:11 2018
 Time: 188.000 au, 4.548 fs
 Dump wavepackets
 0 0.99991083962805 0.015274849535458
 T 0.99991083962805 0.015274849535458
 Elapsed wall time 1.337 secs

 Step: 189, Mon May 28 21:01:13 2018
 Time: 189.000 au, 4.572 fs
 Dump wavepackets
 0 0.99991137333993 0.015274854813569
 T 0.99991137333993 0.015274854813569
 Elapsed wall time 1.337 secs

 Step: 190, Mon May 28 21:01:14 2018
 Time: 190.000 au, 4.596 fs
 Dump wavepackets
 0 0.99991191916558 0.015274860133886
 T 0.99991191916558 0.015274860133886
 Elapsed wall time 1.337 secs

 Step: 191, Mon May 28 21:01:15 2018
 Time: 191.000 au, 4.620 fs
 Dump wavepackets
 0 0.99991247696146 0.015274865496066
 T 0.99991247696146 0.015274865496066
 Elapsed wall time 1.337 secs

 Step: 192, Mon May 28 21:01:17 2018
 Time: 192.000 au, 4.644 fs
 Dump wavepackets
 0 0.99991304658355 0.015274870899754
 T 0.99991304658355 0.015274870899754
 Elapsed wall time 1.337 secs

 Step: 193, Mon May 28 21:01:18 2018
 Time: 193.000 au, 4.668 fs
 Dump wavepackets
 0 0.99991362788739 0.015274876344579
 T 0.99991362788739 0.015274876344579
 Elapsed wall time 1.337 secs

 Step: 194, Mon May 28 21:01:19 2018
 Time: 194.000 au, 4.693 fs
 Dump wavepackets
 0 0.99991422072802 0.015274881830154
 T 0.99991422072802 0.015274881830154
 Elapsed wall time 1.337 secs

 Step: 195, Mon May 28 21:01:21 2018
 Time: 195.000 au, 4.717 fs
 Dump wavepackets
 0 0.99991482496002 0.015274887356078
 T 0.99991482496002 0.015274887356078
 Elapsed wall time 1.337 secs

 Step: 196, Mon May 28 21:01:22 2018
 Time: 196.000 au, 4.741 fs
 Dump wavepackets
 0 0.99991544043744 0.015274892921936
 T 0.99991544043744 0.015274892921936
 Elapsed wall time 1.338 secs

 Step: 197, Mon May 28 21:01:23 2018
 Time: 197.000 au, 4.765 fs
 Dump wavepackets
 0 0.99991606701386 0.015274898527296
 T 0.99991606701386 0.015274898527296
 Elapsed wall time 1.337 secs

 Step: 198, Mon May 28 21:01:25 2018
 Time: 198.000 au, 4.789 fs
 Dump wavepackets
 0 0.99991670454233 0.015274904171714
 T 0.99991670454233 0.015274904171714
 Elapsed wall time 1.345 secs

 Step: 199, Mon May 28 21:01:26 2018
 Time: 199.000 au, 4.814 fs
 Dump wavepackets
 0 0.99991735287537 0.015274909854733
 T 0.99991735287537 0.015274909854733
 Elapsed wall time 1.337 secs

 Step: 200, Mon May 28 21:01:27 2018
 Time: 200.000 au, 4.838 fs
 Dump wavepackets
 Calculate reaction probabilities 1
 0 0.999918011865 0.015274915575878
 T 0.999918011865 0.015274915575878
 Matlab script OHClMatlab
 From OHClMatlab
 Figure: crp/000000001.png
 Save reaction probabilities to CRPMat-j0-v0.mat
 Figure: potwave/000000002.png
 Elapsed wall time 6.578 secs

 Step: 201, Mon May 28 21:01:34 2018
 Time: 201.000 au, 4.862 fs
 Dump wavepackets
 0 0.9999186813627 0.015274921334665
 T 0.9999186813627 0.015274921334665
 Elapsed wall time 1.332 secs

 Step: 202, Mon May 28 21:01:35 2018
 Time: 202.000 au, 4.886 fs
 Dump wavepackets
 0 0.99991936121942 0.015274927130595
 T 0.99991936121942 0.015274927130595
 Elapsed wall time 1.337 secs

 Step: 203, Mon May 28 21:01:37 2018
 Time: 203.000 au, 4.910 fs
 Dump wavepackets
 0 0.99992005128558 0.015274932963154
 T 0.99992005128558 0.015274932963154
 Elapsed wall time 1.337 secs

 Step: 204, Mon May 28 21:01:38 2018
 Time: 204.000 au, 4.935 fs
 Dump wavepackets
 0 0.99992075141107 0.015274938831819
 T 0.99992075141107 0.015274938831819
 Elapsed wall time 1.337 secs

 Step: 205, Mon May 28 21:01:39 2018
 Time: 205.000 au, 4.959 fs
 Dump wavepackets
 0 0.99992146144523 0.015274944736051
 T 0.99992146144523 0.015274944736051
 Elapsed wall time 1.337 secs

 Step: 206, Mon May 28 21:01:41 2018
 Time: 206.000 au, 4.983 fs
 Dump wavepackets
 0 0.99992218123688 0.0152749506753
 T 0.99992218123688 0.0152749506753
 Elapsed wall time 1.337 secs

 Step: 207, Mon May 28 21:01:42 2018
 Time: 207.000 au, 5.007 fs
 Dump wavepackets
 0 0.99992291063431 0.015274956649004
 T 0.99992291063431 0.015274956649004
 Elapsed wall time 1.337 secs

 Step: 208, Mon May 28 21:01:43 2018
 Time: 208.000 au, 5.031 fs
 Dump wavepackets
 0 0.99992364948528 0.015274962656589
 T 0.99992364948528 0.015274962656589
 Elapsed wall time 1.338 secs

 Step: 209, Mon May 28 21:01:45 2018
 Time: 209.000 au, 5.055 fs
 Dump wavepackets
 0 0.99992439763702 0.01527496869747
 T 0.99992439763702 0.01527496869747
 Elapsed wall time 1.338 secs

 Step: 210, Mon May 28 21:01:46 2018
 Time: 210.000 au, 5.080 fs
 Dump wavepackets
 0 0.99992515493624 0.015274974771048
 T 0.99992515493624 0.015274974771048
 Elapsed wall time 1.337 secs

 Step: 211, Mon May 28 21:01:47 2018
 Time: 211.000 au, 5.104 fs
 Dump wavepackets
 0 0.99992592122912 0.015274980876716
 T 0.99992592122912 0.015274980876716
 Elapsed wall time 1.337 secs

 Step: 212, Mon May 28 21:01:49 2018
 Time: 212.000 au, 5.128 fs
 Dump wavepackets
 0 0.99992669636135 0.015274987013854
 T 0.99992669636135 0.015274987013854
 Elapsed wall time 1.337 secs

 Step: 213, Mon May 28 21:01:50 2018
 Time: 213.000 au, 5.152 fs
 Dump wavepackets
 0 0.9999274801781 0.015274993181832
 T 0.9999274801781 0.015274993181832
 Elapsed wall time 1.337 secs

 Step: 214, Mon May 28 21:01:51 2018
 Time: 214.000 au, 5.176 fs
 Dump wavepackets
 0 0.99992827252405 0.015274999380009
 T 0.99992827252405 0.015274999380009
 Elapsed wall time 1.337 secs

 Step: 215, Mon May 28 21:01:53 2018
 Time: 215.000 au, 5.201 fs
 Dump wavepackets
 0 0.99992907324337 0.015275005607734
 T 0.99992907324337 0.015275005607734
 Elapsed wall time 1.337 secs

 Step: 216, Mon May 28 21:01:54 2018
 Time: 216.000 au, 5.225 fs
 Dump wavepackets
 0 0.99992988217977 0.015275011864346
 T 0.99992988217977 0.015275011864346
 Elapsed wall time 1.337 secs

 Step: 217, Mon May 28 21:01:55 2018
 Time: 217.000 au, 5.249 fs
 Dump wavepackets
 0 0.99993069917646 0.015275018149174
 T 0.99993069917646 0.015275018149174
 Elapsed wall time 1.338 secs

 Step: 218, Mon May 28 21:01:57 2018
 Time: 218.000 au, 5.273 fs
 Dump wavepackets
 0 0.9999315240762 0.015275024461538
 T 0.9999315240762 0.015275024461538
 Elapsed wall time 1.337 secs

 Step: 219, Mon May 28 21:01:58 2018
 Time: 219.000 au, 5.297 fs
 Dump wavepackets
 0 0.99993235672129 0.015275030800748
 T 0.99993235672129 0.015275030800748
 Elapsed wall time 1.338 secs

 Step: 220, Mon May 28 21:01:59 2018
 Time: 220.000 au, 5.322 fs
 Dump wavepackets
 0 0.99993319695359 0.015275037166105
 T 0.99993319695359 0.015275037166105
 Elapsed wall time 1.337 secs

 Step: 221, Mon May 28 21:02:01 2018
 Time: 221.000 au, 5.346 fs
 Dump wavepackets
 0 0.99993404461451 0.015275043556901
 T 0.99993404461451 0.015275043556901
 Elapsed wall time 1.337 secs

 Step: 222, Mon May 28 21:02:02 2018
 Time: 222.000 au, 5.370 fs
 Dump wavepackets
 0 0.99993489954504 0.015275049972419
 T 0.99993489954504 0.015275049972419
 Elapsed wall time 1.337 secs

 Step: 223, Mon May 28 21:02:03 2018
 Time: 223.000 au, 5.394 fs
 Dump wavepackets
 0 0.99993576158577 0.015275056411934
 T 0.99993576158577 0.015275056411934
 Elapsed wall time 1.338 secs

 Step: 224, Mon May 28 21:02:05 2018
 Time: 224.000 au, 5.418 fs
 Dump wavepackets
 0 0.99993663057687 0.015275062874714
 T 0.99993663057687 0.015275062874714
 Elapsed wall time 1.337 secs

 Step: 225, Mon May 28 21:02:06 2018
 Time: 225.000 au, 5.442 fs
 Dump wavepackets
 0 0.99993750635815 0.015275069360016
 T 0.99993750635815 0.015275069360016
 Elapsed wall time 1.337 secs

 Step: 226, Mon May 28 21:02:07 2018
 Time: 226.000 au, 5.467 fs
 Dump wavepackets
 0 0.99993838876903 0.015275075867092
 T 0.99993838876903 0.015275075867092
 Elapsed wall time 1.337 secs

 Step: 227, Mon May 28 21:02:09 2018
 Time: 227.000 au, 5.491 fs
 Dump wavepackets
 0 0.99993927764855 0.015275082395185
 T 0.99993927764855 0.015275082395185
 Elapsed wall time 1.337 secs

 Step: 228, Mon May 28 21:02:10 2018
 Time: 228.000 au, 5.515 fs
 Dump wavepackets
 0 0.99994017283544 0.015275088943531
 T 0.99994017283544 0.015275088943531
 Elapsed wall time 1.337 secs

 Step: 229, Mon May 28 21:02:11 2018
 Time: 229.000 au, 5.539 fs
 Dump wavepackets
 0 0.99994107416807 0.015275095511359
 T 0.99994107416807 0.015275095511359
 Elapsed wall time 1.338 secs

 Step: 230, Mon May 28 21:02:13 2018
 Time: 230.000 au, 5.563 fs
 Dump wavepackets
 0 0.99994198148451 0.015275102097892
 T 0.99994198148451 0.015275102097892
 Elapsed wall time 1.337 secs

 Step: 231, Mon May 28 21:02:14 2018
 Time: 231.000 au, 5.588 fs
 Dump wavepackets
 0 0.99994289462252 0.015275108702344
 T 0.99994289462252 0.015275108702344
 Elapsed wall time 1.337 secs

 Step: 232, Mon May 28 21:02:15 2018
 Time: 232.000 au, 5.612 fs
 Dump wavepackets
 0 0.99994381341959 0.015275115323925
 T 0.99994381341959 0.015275115323925
 Elapsed wall time 1.337 secs

 Step: 233, Mon May 28 21:02:17 2018
 Time: 233.000 au, 5.636 fs
 Dump wavepackets
 0 0.9999447377129 0.015275121961837
 T 0.9999447377129 0.015275121961837
 Elapsed wall time 1.337 secs

 Step: 234, Mon May 28 21:02:18 2018
 Time: 234.000 au, 5.660 fs
 Dump wavepackets
 0 0.99994566733941 0.015275128615276
 T 0.99994566733941 0.015275128615276
 Elapsed wall time 1.337 secs

 Step: 235, Mon May 28 21:02:19 2018
 Time: 235.000 au, 5.684 fs
 Dump wavepackets
 0 0.99994660213583 0.015275135283435
 T 0.99994660213583 0.015275135283435
 Elapsed wall time 1.337 secs

 Step: 236, Mon May 28 21:02:21 2018
 Time: 236.000 au, 5.709 fs
 Dump wavepackets
 0 0.99994754193866 0.015275141965498
 T 0.99994754193866 0.015275141965498
 Elapsed wall time 1.337 secs

 Step: 237, Mon May 28 21:02:22 2018
 Time: 237.000 au, 5.733 fs
 Dump wavepackets
 0 0.99994848658418 0.015275148660645
 T 0.99994848658418 0.015275148660645
 Elapsed wall time 1.337 secs

 Step: 238, Mon May 28 21:02:23 2018
 Time: 238.000 au, 5.757 fs
 Dump wavepackets
 0 0.99994943590849 0.015275155368051
 T 0.99994943590849 0.015275155368051
 Elapsed wall time 1.337 secs

 Step: 239, Mon May 28 21:02:25 2018
 Time: 239.000 au, 5.781 fs
 Dump wavepackets
 0 0.99995038974752 0.015275162086886
 T 0.99995038974752 0.015275162086886
 Elapsed wall time 1.337 secs

 Step: 240, Mon May 28 21:02:26 2018
 Time: 240.000 au, 5.805 fs
 Dump wavepackets
 0 0.99995134793705 0.015275168816315
 T 0.99995134793705 0.015275168816315
 Elapsed wall time 1.337 secs

 Step: 241, Mon May 28 21:02:27 2018
 Time: 241.000 au, 5.830 fs
 Dump wavepackets
 0 0.99995231031272 0.015275175555499
 T 0.99995231031272 0.015275175555499
 Elapsed wall time 1.338 secs

 Step: 242, Mon May 28 21:02:29 2018
 Time: 242.000 au, 5.854 fs
 Dump wavepackets
 0 0.99995327671007 0.015275182303594
 T 0.99995327671007 0.015275182303594
 Elapsed wall time 1.338 secs

 Step: 243, Mon May 28 21:02:30 2018
 Time: 243.000 au, 5.878 fs
 Dump wavepackets
 0 0.99995424696454 0.015275189059753
 T 0.99995424696454 0.015275189059753
 Elapsed wall time 1.337 secs

 Step: 244, Mon May 28 21:02:31 2018
 Time: 244.000 au, 5.902 fs
 Dump wavepackets
 0 0.99995522091147 0.015275195823124
 T 0.99995522091147 0.015275195823124
 Elapsed wall time 1.337 secs

 Step: 245, Mon May 28 21:02:33 2018
 Time: 245.000 au, 5.926 fs
 Dump wavepackets
 0 0.99995619838617 0.015275202592852
 T 0.99995619838617 0.015275202592852
 Elapsed wall time 1.337 secs

 Step: 246, Mon May 28 21:02:34 2018
 Time: 246.000 au, 5.950 fs
 Dump wavepackets
 0 0.99995717922391 0.015275209368078
 T 0.99995717922391 0.015275209368078
 Elapsed wall time 1.337 secs

 Step: 247, Mon May 28 21:02:35 2018
 Time: 247.000 au, 5.975 fs
 Dump wavepackets
 0 0.99995816325991 0.01527521614794
 T 0.99995816325991 0.01527521614794
 Elapsed wall time 1.337 secs

 Step: 248, Mon May 28 21:02:37 2018
 Time: 248.000 au, 5.999 fs
 Dump wavepackets
 0 0.99995915032943 0.015275222931573
 T 0.99995915032943 0.015275222931573
 Elapsed wall time 1.337 secs

 Step: 249, Mon May 28 21:02:38 2018
 Time: 249.000 au, 6.023 fs
 Dump wavepackets
 0 0.99996014026771 0.01527522971811
 T 0.99996014026771 0.01527522971811
 Elapsed wall time 1.337 secs

 Step: 250, Mon May 28 21:02:39 2018
 Time: 250.000 au, 6.047 fs
 Dump wavepackets
 0 0.99996113291006 0.01527523650668
 T 0.99996113291006 0.01527523650668
 Elapsed wall time 1.338 secs

 Step: 251, Mon May 28 21:02:41 2018
 Time: 251.000 au, 6.071 fs
 Dump wavepackets
 0 0.99996212809185 0.01527524329641
 T 0.99996212809185 0.01527524329641
 Elapsed wall time 1.337 secs

 Step: 252, Mon May 28 21:02:42 2018
 Time: 252.000 au, 6.096 fs
 Dump wavepackets
 0 0.99996312564849 0.015275250086425
 T 0.99996312564849 0.015275250086425
 Elapsed wall time 1.347 secs

 Step: 253, Mon May 28 21:02:43 2018
 Time: 253.000 au, 6.120 fs
 Dump wavepackets
 0 0.99996412541555 0.015275256875848
 T 0.99996412541555 0.015275256875848
 Elapsed wall time 1.337 secs

 Step: 254, Mon May 28 21:02:45 2018
 Time: 254.000 au, 6.144 fs
 Dump wavepackets
 0 0.99996512722866 0.0152752636638
 T 0.99996512722866 0.0152752636638
 Elapsed wall time 1.337 secs

 Step: 255, Mon May 28 21:02:46 2018
 Time: 255.000 au, 6.168 fs
 Dump wavepackets
 0 0.99996613092364 0.0152752704494
 T 0.99996613092364 0.0152752704494
 Elapsed wall time 1.338 secs

 Step: 256, Mon May 28 21:02:47 2018
 Time: 256.000 au, 6.192 fs
 Dump wavepackets
 0 0.99996713633643 0.015275277231767
 T 0.99996713633643 0.015275277231767
 Elapsed wall time 1.337 secs

 Step: 257, Mon May 28 21:02:49 2018
 Time: 257.000 au, 6.217 fs
 Dump wavepackets
 0 0.99996814330319 0.015275284010017
 T 0.99996814330319 0.015275284010017
 Elapsed wall time 1.337 secs

 Step: 258, Mon May 28 21:02:50 2018
 Time: 258.000 au, 6.241 fs
 Dump wavepackets
 0 0.99996915166026 0.015275290783266
 T 0.99996915166026 0.015275290783266
 Elapsed wall time 1.337 secs

 Step: 259, Mon May 28 21:02:51 2018
 Time: 259.000 au, 6.265 fs
 Dump wavepackets
 0 0.99997016124421 0.015275297550628
 T 0.99997016124421 0.015275297550628
 Elapsed wall time 1.341 secs

 Step: 260, Mon May 28 21:02:53 2018
 Time: 260.000 au, 6.289 fs
 Dump wavepackets
 0 0.99997117189186 0.015275304311219
 T 0.99997117189186 0.015275304311219
 Elapsed wall time 1.337 secs

 Step: 261, Mon May 28 21:02:54 2018
 Time: 261.000 au, 6.313 fs
 Dump wavepackets
 0 0.99997218344028 0.015275311064151
 T 0.99997218344028 0.015275311064151
 Elapsed wall time 1.338 secs

 Step: 262, Mon May 28 21:02:55 2018
 Time: 262.000 au, 6.337 fs
 Dump wavepackets
 0 0.99997319572684 0.015275317808538
 T 0.99997319572684 0.015275317808538
 Elapsed wall time 1.337 secs

 Step: 263, Mon May 28 21:02:57 2018
 Time: 263.000 au, 6.362 fs
 Dump wavepackets
 0 0.99997420858921 0.015275324543494
 T 0.99997420858921 0.015275324543494
 Elapsed wall time 1.337 secs

 Step: 264, Mon May 28 21:02:58 2018
 Time: 264.000 au, 6.386 fs
 Dump wavepackets
 0 0.99997522186541 0.015275331268131
 T 0.99997522186541 0.015275331268131
 Elapsed wall time 1.337 secs

 Step: 265, Mon May 28 21:02:59 2018
 Time: 265.000 au, 6.410 fs
 Dump wavepackets
 0 0.99997623539379 0.015275337981565
 T 0.99997623539379 0.015275337981565
 Elapsed wall time 1.337 secs

 Step: 266, Mon May 28 21:03:01 2018
 Time: 266.000 au, 6.434 fs
 Dump wavepackets
 0 0.99997724901307 0.015275344682909
 T 0.99997724901307 0.015275344682909
 Elapsed wall time 1.337 secs

 Step: 267, Mon May 28 21:03:02 2018
 Time: 267.000 au, 6.458 fs
 Dump wavepackets
 0 0.99997826256238 0.015275351371277
 T 0.99997826256238 0.015275351371277
 Elapsed wall time 1.338 secs

 Step: 268, Mon May 28 21:03:03 2018
 Time: 268.000 au, 6.483 fs
 Dump wavepackets
 0 0.99997927588126 0.015275358045787
 T 0.99997927588126 0.015275358045787
 Elapsed wall time 1.337 secs

 Step: 269, Mon May 28 21:03:05 2018
 Time: 269.000 au, 6.507 fs
 Dump wavepackets
 0 0.99998028880966 0.015275364705554
 T 0.99998028880966 0.015275364705554
 Elapsed wall time 1.337 secs

 Step: 270, Mon May 28 21:03:06 2018
 Time: 270.000 au, 6.531 fs
 Dump wavepackets
 0 0.99998130118803 0.015275371349697
 T 0.99998130118803 0.015275371349697
 Elapsed wall time 1.344 secs

 Step: 271, Mon May 28 21:03:08 2018
 Time: 271.000 au, 6.555 fs
 Dump wavepackets
 0 0.99998231285726 0.015275377977336
 T 0.99998231285726 0.015275377977336
 Elapsed wall time 1.337 secs

 Step: 272, Mon May 28 21:03:09 2018
 Time: 272.000 au, 6.579 fs
 Dump wavepackets
 0 0.99998332365877 0.01527538458759
 T 0.99998332365877 0.01527538458759
 Elapsed wall time 1.337 secs

 Step: 273, Mon May 28 21:03:10 2018
 Time: 273.000 au, 6.604 fs
 Dump wavepackets
 0 0.99998433343449 0.015275391179584
 T 0.99998433343449 0.015275391179584
 Elapsed wall time 1.337 secs

 Step: 274, Mon May 28 21:03:12 2018
 Time: 274.000 au, 6.628 fs
 Dump wavepackets
 0 0.99998534202688 0.015275397752442
 T 0.99998534202688 0.015275397752442
 Elapsed wall time 1.337 secs

 Step: 275, Mon May 28 21:03:13 2018
 Time: 275.000 au, 6.652 fs
 Dump wavepackets
 0 0.99998634927898 0.015275404305291
 T 0.99998634927898 0.015275404305291
 Elapsed wall time 1.337 secs

 Step: 276, Mon May 28 21:03:14 2018
 Time: 276.000 au, 6.676 fs
 Dump wavepackets
 0 0.9999873550344 0.01527541083726
 T 0.9999873550344 0.01527541083726
 Elapsed wall time 1.337 secs

 Step: 277, Mon May 28 21:03:16 2018
 Time: 277.000 au, 6.700 fs
 Dump wavepackets
 0 0.99998835913739 0.01527541734748
 T 0.99998835913739 0.01527541734748
 Elapsed wall time 1.338 secs

 Step: 278, Mon May 28 21:03:17 2018
 Time: 278.000 au, 6.724 fs
 Dump wavepackets
 0 0.99998936143278 0.015275423835086
 T 0.99998936143278 0.015275423835086
 Elapsed wall time 1.337 secs

 Step: 279, Mon May 28 21:03:18 2018
 Time: 279.000 au, 6.749 fs
 Dump wavepackets
 0 0.99999036176608 0.015275430299215
 T 0.99999036176608 0.015275430299215
 Elapsed wall time 1.337 secs

 Step: 280, Mon May 28 21:03:20 2018
 Time: 280.000 au, 6.773 fs
 Dump wavepackets
 0 0.99999135998347 0.015275436739007
 T 0.99999135998347 0.015275436739007
 Elapsed wall time 1.337 secs

 Step: 281, Mon May 28 21:03:21 2018
 Time: 281.000 au, 6.797 fs
 Dump wavepackets
 0 0.9999923559318 0.015275443153605
 T 0.9999923559318 0.015275443153605
 Elapsed wall time 1.337 secs

 Step: 282, Mon May 28 21:03:22 2018
 Time: 282.000 au, 6.821 fs
 Dump wavepackets
 0 0.99999334945865 0.015275449542156
 T 0.99999334945865 0.015275449542156
 Elapsed wall time 1.337 secs

 Step: 283, Mon May 28 21:03:24 2018
 Time: 283.000 au, 6.845 fs
 Dump wavepackets
 0 0.99999434041232 0.01527545590381
 T 0.99999434041232 0.01527545590381
 Elapsed wall time 1.337 secs

 Step: 284, Mon May 28 21:03:25 2018
 Time: 284.000 au, 6.870 fs
 Dump wavepackets
 0 0.99999532864188 0.015275462237719
 T 0.99999532864188 0.015275462237719
 Elapsed wall time 1.337 secs

 Step: 285, Mon May 28 21:03:26 2018
 Time: 285.000 au, 6.894 fs
 Dump wavepackets
 0 0.99999631399715 0.015275468543043
 T 0.99999631399715 0.015275468543043
 Elapsed wall time 1.337 secs

 Step: 286, Mon May 28 21:03:28 2018
 Time: 286.000 au, 6.918 fs
 Dump wavepackets
 0 0.99999729632877 0.015275474818941
 T 0.99999729632877 0.015275474818941
 Elapsed wall time 1.337 secs

 Step: 287, Mon May 28 21:03:29 2018
 Time: 287.000 au, 6.942 fs
 Dump wavepackets
 0 0.99999827548819 0.015275481064581
 T 0.99999827548819 0.015275481064581
 Elapsed wall time 1.337 secs

 Step: 288, Mon May 28 21:03:30 2018
 Time: 288.000 au, 6.966 fs
 Dump wavepackets
 0 0.99999925132767 0.015275487279131
 T 0.99999925132767 0.015275487279131
 Elapsed wall time 1.337 secs

 Step: 289, Mon May 28 21:03:32 2018
 Time: 289.000 au, 6.991 fs
 Dump wavepackets
 0 1.0000002237004 0.015275493461765
 T 1.0000002237004 0.015275493461765
 Elapsed wall time 1.338 secs

 Step: 290, Mon May 28 21:03:33 2018
 Time: 290.000 au, 7.015 fs
 Dump wavepackets
 0 1.0000011924602 0.015275499611663
 T 1.0000011924602 0.015275499611663
 Elapsed wall time 1.337 secs

 Step: 291, Mon May 28 21:03:34 2018
 Time: 291.000 au, 7.039 fs
 Dump wavepackets
 0 1.0000021574623 0.015275505728009
 T 1.0000021574623 0.015275505728009
 Elapsed wall time 1.343 secs

 Step: 292, Mon May 28 21:03:36 2018
 Time: 292.000 au, 7.063 fs
 Dump wavepackets
 0 1.0000031185622 0.01527551180999
 T 1.0000031185622 0.01527551180999
 Elapsed wall time 1.337 secs

 Step: 293, Mon May 28 21:03:37 2018
 Time: 293.000 au, 7.087 fs
 Dump wavepackets
 0 1.0000040756169 0.015275517856801
 T 1.0000040756169 0.015275517856801
 Elapsed wall time 1.337 secs

 Step: 294, Mon May 28 21:03:38 2018
 Time: 294.000 au, 7.112 fs
 Dump wavepackets
 0 1.000005028484 0.01527552386764
 T 1.000005028484 0.01527552386764
 Elapsed wall time 1.337 secs

 Step: 295, Mon May 28 21:03:40 2018
 Time: 295.000 au, 7.136 fs
 Dump wavepackets
 0 1.0000059770223 0.015275529841712
 T 1.0000059770223 0.015275529841712
 Elapsed wall time 1.337 secs

 Step: 296, Mon May 28 21:03:41 2018
 Time: 296.000 au, 7.160 fs
 Dump wavepackets
 0 1.0000069210913 0.015275535778225
 T 1.0000069210913 0.015275535778225
 Elapsed wall time 1.337 secs

 Step: 297, Mon May 28 21:03:42 2018
 Time: 297.000 au, 7.184 fs
 Dump wavepackets
 0 1.0000078605518 0.015275541676397
 T 1.0000078605518 0.015275541676397
 Elapsed wall time 1.337 secs

 Step: 298, Mon May 28 21:03:44 2018
 Time: 298.000 au, 7.208 fs
 Dump wavepackets
 0 1.0000087952656 0.015275547535447
 T 1.0000087952656 0.015275547535447
 Elapsed wall time 1.337 secs

 Step: 299, Mon May 28 21:03:45 2018
 Time: 299.000 au, 7.232 fs
 Dump wavepackets
 0 1.0000097250954 0.015275553354602
 T 1.0000097250954 0.015275553354602
 Elapsed wall time 1.337 secs

 Step: 300, Mon May 28 21:03:46 2018
 Time: 300.000 au, 7.257 fs
 Dump wavepackets
 Calculate reaction probabilities 1
 0 1.0000106499051 0.015275559133097
 T 1.0000106499051 0.015275559133097
 Matlab script OHClMatlab
 From OHClMatlab
 Figure: crp/000000002.png
 Save reaction probabilities to CRPMat-j0-v0.mat
 Figure: potwave/000000003.png
 Elapsed wall time 6.224 secs

 Step: 301, Mon May 28 21:03:53 2018
 Time: 301.000 au, 7.281 fs
 Dump wavepackets
 0 1.0000115695597 0.01527556487017
 T 1.0000115695597 0.01527556487017
 Elapsed wall time 1.325 secs

 Step: 302, Mon May 28 21:03:54 2018
 Time: 302.000 au, 7.305 fs
 Dump wavepackets
 0 1.0000124839252 0.015275570565068
 T 1.0000124839252 0.015275570565068
 Elapsed wall time 1.337 secs

 Step: 303, Mon May 28 21:03:55 2018
 Time: 303.000 au, 7.329 fs
 Dump wavepackets
 0 1.0000133928688 0.015275576217042
 T 1.0000133928688 0.015275576217042
 Elapsed wall time 1.337 secs

 Step: 304, Mon May 28 21:03:57 2018
 Time: 304.000 au, 7.353 fs
 Dump wavepackets
 0 1.0000142962588 0.015275581825351
 T 1.0000142962588 0.015275581825351
 Elapsed wall time 1.337 secs

 Step: 305, Mon May 28 21:03:58 2018
 Time: 305.000 au, 7.378 fs
 Dump wavepackets
 0 1.0000151939648 0.015275587389262
 T 1.0000151939648 0.015275587389262
 Elapsed wall time 1.337 secs

 Step: 306, Mon May 28 21:03:59 2018
 Time: 306.000 au, 7.402 fs
 Dump wavepackets
 0 1.0000160858574 0.015275592908046
 T 1.0000160858574 0.015275592908046
 Elapsed wall time 1.338 secs

 Step: 307, Mon May 28 21:04:01 2018
 Time: 307.000 au, 7.426 fs
 Dump wavepackets
 0 1.0000169718085 0.015275598380984
 T 1.0000169718085 0.015275598380984
 Elapsed wall time 1.337 secs

 Step: 308, Mon May 28 21:04:02 2018
 Time: 308.000 au, 7.450 fs
 Dump wavepackets
 0 1.0000178516912 0.015275603807363
 T 1.0000178516912 0.015275603807363
 Elapsed wall time 1.337 secs

 Step: 309, Mon May 28 21:04:03 2018
 Time: 309.000 au, 7.474 fs
 Dump wavepackets
 0 1.0000187253799 0.015275609186475
 T 1.0000187253799 0.015275609186475
 Elapsed wall time 1.337 secs

 Step: 310, Mon May 28 21:04:05 2018
 Time: 310.000 au, 7.499 fs
 Dump wavepackets
 0 1.0000195927502 0.015275614517624
 T 1.0000195927502 0.015275614517624
 Elapsed wall time 1.337 secs

 Step: 311, Mon May 28 21:04:06 2018
 Time: 311.000 au, 7.523 fs
 Dump wavepackets
 0 1.0000204536788 0.015275619800118
 T 1.0000204536788 0.015275619800118
 Elapsed wall time 1.337 secs

 Step: 312, Mon May 28 21:04:07 2018
 Time: 312.000 au, 7.547 fs
 Dump wavepackets
 0 1.000021308044 0.015275625033273
 T 1.000021308044 0.015275625033273
 Elapsed wall time 1.337 secs

 Step: 313, Mon May 28 21:04:09 2018
 Time: 313.000 au, 7.571 fs
 Dump wavepackets
 0 1.0000221557252 0.015275630216415
 T 1.0000221557252 0.015275630216415
 Elapsed wall time 1.337 secs

 Step: 314, Mon May 28 21:04:10 2018
 Time: 314.000 au, 7.595 fs
 Dump wavepackets
 0 1.0000229966032 0.015275635348875
 T 1.0000229966032 0.015275635348875
 Elapsed wall time 1.337 secs

 Step: 315, Mon May 28 21:04:11 2018
 Time: 315.000 au, 7.619 fs
 Dump wavepackets
 0 1.00002383056 0.015275640429995
 T 1.00002383056 0.015275640429995
 Elapsed wall time 1.337 secs

 Step: 316, Mon May 28 21:04:13 2018
 Time: 316.000 au, 7.644 fs
 Dump wavepackets
 0 1.0000246574792 0.015275645459122
 T 1.0000246574792 0.015275645459122
 Elapsed wall time 1.337 secs

 Step: 317, Mon May 28 21:04:14 2018
 Time: 317.000 au, 7.668 fs
 Dump wavepackets
 0 1.0000254772456 0.015275650435614
 T 1.0000254772456 0.015275650435614
 Elapsed wall time 1.339 secs

 Step: 318, Mon May 28 21:04:15 2018
 Time: 318.000 au, 7.692 fs
 Dump wavepackets
 0 1.0000262897453 0.015275655358836
 T 1.0000262897453 0.015275655358836
 Elapsed wall time 1.337 secs

 Step: 319, Mon May 28 21:04:17 2018
 Time: 319.000 au, 7.716 fs
 Dump wavepackets
 0 1.0000270948661 0.015275660228161
 T 1.0000270948661 0.015275660228161
 Elapsed wall time 1.337 secs

 Step: 320, Mon May 28 21:04:18 2018
 Time: 320.000 au, 7.740 fs
 Dump wavepackets
 0 1.0000278924969 0.015275665042972
 T 1.0000278924969 0.015275665042972
 Elapsed wall time 1.337 secs

 Step: 321, Mon May 28 21:04:19 2018
 Time: 321.000 au, 7.765 fs
 Dump wavepackets
 0 1.0000286825281 0.01527566980266
 T 1.0000286825281 0.01527566980266
 Elapsed wall time 1.337 secs

 Step: 322, Mon May 28 21:04:21 2018
 Time: 322.000 au, 7.789 fs
 Dump wavepackets
 0 1.0000294648517 0.015275674506624
 T 1.0000294648517 0.015275674506624
 Elapsed wall time 1.337 secs

 Step: 323, Mon May 28 21:04:22 2018
 Time: 323.000 au, 7.813 fs
 Dump wavepackets
 0 1.0000302393611 0.015275679154272
 T 1.0000302393611 0.015275679154272
 Elapsed wall time 1.337 secs

 Step: 324, Mon May 28 21:04:23 2018
 Time: 324.000 au, 7.837 fs
 Dump wavepackets
 0 1.000031005951 0.015275683745024
 T 1.000031005951 0.015275683745024
 Elapsed wall time 1.337 secs

 Step: 325, Mon May 28 21:04:25 2018
 Time: 325.000 au, 7.861 fs
 Dump wavepackets
 0 1.0000317645178 0.015275688278305
 T 1.0000317645178 0.015275688278305
 Elapsed wall time 1.337 secs

 Step: 326, Mon May 28 21:04:26 2018
 Time: 326.000 au, 7.886 fs
 Dump wavepackets
 0 1.0000325149593 0.015275692753551
 T 1.0000325149593 0.015275692753551
 Elapsed wall time 1.337 secs

 Step: 327, Mon May 28 21:04:27 2018
 Time: 327.000 au, 7.910 fs
 Dump wavepackets
 0 1.0000332571748 0.015275697170207
 T 1.0000332571748 0.015275697170207
 Elapsed wall time 1.337 secs

 Step: 328, Mon May 28 21:04:29 2018
 Time: 328.000 au, 7.934 fs
 Dump wavepackets
 0 1.0000339910653 0.015275701527729
 T 1.0000339910653 0.015275701527729
 Elapsed wall time 1.337 secs

 Step: 329, Mon May 28 21:04:30 2018
 Time: 329.000 au, 7.958 fs
 Dump wavepackets
 0 1.000034716533 0.01527570582558
 T 1.000034716533 0.01527570582558
 Elapsed wall time 1.337 secs

 Step: 330, Mon May 28 21:04:31 2018
 Time: 330.000 au, 7.982 fs
 Dump wavepackets
 0 1.000035433482 0.015275710063233
 T 1.000035433482 0.015275710063233
 Elapsed wall time 1.337 secs

 Step: 331, Mon May 28 21:04:33 2018
 Time: 331.000 au, 8.007 fs
 Dump wavepackets
 0 1.0000361418178 0.015275714240173
 T 1.0000361418178 0.015275714240173
 Elapsed wall time 1.337 secs

 Step: 332, Mon May 28 21:04:34 2018
 Time: 332.000 au, 8.031 fs
 Dump wavepackets
 0 1.0000368414475 0.015275718355891
 T 1.0000368414475 0.015275718355891
 Elapsed wall time 1.337 secs

 Step: 333, Mon May 28 21:04:35 2018
 Time: 333.000 au, 8.055 fs
 Dump wavepackets
 0 1.0000375322797 0.015275722409891
 T 1.0000375322797 0.015275722409891
 Elapsed wall time 1.337 secs

 Step: 334, Mon May 28 21:04:37 2018
 Time: 334.000 au, 8.079 fs
 Dump wavepackets
 0 1.0000382142249 0.015275726401687
 T 1.0000382142249 0.015275726401687
 Elapsed wall time 1.337 secs

 Step: 335, Mon May 28 21:04:38 2018
 Time: 335.000 au, 8.103 fs
 Dump wavepackets
 0 1.0000388871948 0.015275730330799
 T 1.0000388871948 0.015275730330799
 Elapsed wall time 1.337 secs

 Step: 336, Mon May 28 21:04:39 2018
 Time: 336.000 au, 8.127 fs
 Dump wavepackets
 0 1.0000395511031 0.015275734196761
 T 1.0000395511031 0.015275734196761
 Elapsed wall time 1.337 secs

 Step: 337, Mon May 28 21:04:41 2018
 Time: 337.000 au, 8.152 fs
 Dump wavepackets
 0 1.0000402058649 0.015275737999117
 T 1.0000402058649 0.015275737999117
 Elapsed wall time 1.337 secs

 Step: 338, Mon May 28 21:04:42 2018
 Time: 338.000 au, 8.176 fs
 Dump wavepackets
 0 1.000040851397 0.015275741737419
 T 1.000040851397 0.015275741737419
 Elapsed wall time 1.337 secs

 Step: 339, Mon May 28 21:04:43 2018
 Time: 339.000 au, 8.200 fs
 Dump wavepackets
 0 1.000041487618 0.015275745411231
 T 1.000041487618 0.015275745411231
 Elapsed wall time 1.337 secs

 Step: 340, Mon May 28 21:04:45 2018
 Time: 340.000 au, 8.224 fs
 Dump wavepackets
 0 1.0000421144479 0.015275749020126
 T 1.0000421144479 0.015275749020126
 Elapsed wall time 1.337 secs

 Step: 341, Mon May 28 21:04:46 2018
 Time: 341.000 au, 8.248 fs
 Dump wavepackets
 0 1.0000427318086 0.015275752563689
 T 1.0000427318086 0.015275752563689
 Elapsed wall time 1.337 secs

 Step: 342, Mon May 28 21:04:47 2018
 Time: 342.000 au, 8.273 fs
 Dump wavepackets
 0 1.0000433396237 0.015275756041515
 T 1.0000433396237 0.015275756041515
 Elapsed wall time 1.337 secs

 Step: 343, Mon May 28 21:04:49 2018
 Time: 343.000 au, 8.297 fs
 Dump wavepackets
 0 1.0000439378183 0.015275759453209
 T 1.0000439378183 0.015275759453209
 Elapsed wall time 1.337 secs

 Step: 344, Mon May 28 21:04:50 2018
 Time: 344.000 au, 8.321 fs
 Dump wavepackets
 0 1.0000445263193 0.015275762798386
 T 1.0000445263193 0.015275762798386
 Elapsed wall time 1.337 secs

 Step: 345, Mon May 28 21:04:51 2018
 Time: 345.000 au, 8.345 fs
 Dump wavepackets
 0 1.0000451050555 0.015275766076674
 T 1.0000451050555 0.015275766076674
 Elapsed wall time 1.337 secs

 Step: 346, Mon May 28 21:04:53 2018
 Time: 346.000 au, 8.369 fs
 Dump wavepackets
 0 1.0000456739571 0.01527576928771
 T 1.0000456739571 0.01527576928771
 Elapsed wall time 1.337 secs

 Step: 347, Mon May 28 21:04:54 2018
 Time: 347.000 au, 8.394 fs
 Dump wavepackets
 0 1.0000462329564 0.015275772431142
 T 1.0000462329564 0.015275772431142
 Elapsed wall time 1.337 secs

 Step: 348, Mon May 28 21:04:55 2018
 Time: 348.000 au, 8.418 fs
 Dump wavepackets
 0 1.000046781987 0.015275775506629
 T 1.000046781987 0.015275775506629
 Elapsed wall time 1.337 secs

 Step: 349, Mon May 28 21:04:57 2018
 Time: 349.000 au, 8.442 fs
 Dump wavepackets
 0 1.0000473209847 0.015275778513841
 T 1.0000473209847 0.015275778513841
 Elapsed wall time 1.337 secs

 Step: 350, Mon May 28 21:04:58 2018
 Time: 350.000 au, 8.466 fs
 Dump wavepackets
 0 1.0000478498867 0.015275781452458
 T 1.0000478498867 0.015275781452458
 Elapsed wall time 1.337 secs

 Step: 351, Mon May 28 21:04:59 2018
 Time: 351.000 au, 8.490 fs
 Dump wavepackets
 0 1.0000483686322 0.015275784322174
 T 1.0000483686322 0.015275784322174
 Elapsed wall time 1.337 secs

 Step: 352, Mon May 28 21:05:01 2018
 Time: 352.000 au, 8.514 fs
 Dump wavepackets
 0 1.0000488771621 0.015275787122691
 T 1.0000488771621 0.015275787122691
 Elapsed wall time 1.337 secs

 Step: 353, Mon May 28 21:05:02 2018
 Time: 353.000 au, 8.539 fs
 Dump wavepackets
 0 1.000049375419 0.015275789853722
 T 1.000049375419 0.015275789853722
 Elapsed wall time 1.337 secs

 Step: 354, Mon May 28 21:05:03 2018
 Time: 354.000 au, 8.563 fs
 Dump wavepackets
 0 1.0000498633473 0.015275792514994
 T 1.0000498633473 0.015275792514994
 Elapsed wall time 1.337 secs

 Step: 355, Mon May 28 21:05:05 2018
 Time: 355.000 au, 8.587 fs
 Dump wavepackets
 0 1.0000503408934 0.015275795106242
 T 1.0000503408934 0.015275795106242
 Elapsed wall time 1.337 secs

 Step: 356, Mon May 28 21:05:06 2018
 Time: 356.000 au, 8.611 fs
 Dump wavepackets
 0 1.0000508080052 0.015275797627215
 T 1.0000508080052 0.015275797627215
 Elapsed wall time 1.337 secs

 Step: 357, Mon May 28 21:05:07 2018
 Time: 357.000 au, 8.635 fs
 Dump wavepackets
 0 1.0000512646325 0.01527580007767
 T 1.0000512646325 0.01527580007767
 Elapsed wall time 1.337 secs

 Step: 358, Mon May 28 21:05:09 2018
 Time: 358.000 au, 8.660 fs
 Dump wavepackets
 0 1.0000517107271 0.01527580245738
 T 1.0000517107271 0.01527580245738
 Elapsed wall time 1.337 secs

 Step: 359, Mon May 28 21:05:10 2018
 Time: 359.000 au, 8.684 fs
 Dump wavepackets
 0 1.0000521462424 0.015275804766124
 T 1.0000521462424 0.015275804766124
 Elapsed wall time 1.337 secs

 Step: 360, Mon May 28 21:05:11 2018
 Time: 360.000 au, 8.708 fs
 Dump wavepackets
 0 1.0000525711336 0.015275807003696
 T 1.0000525711336 0.015275807003696
 Elapsed wall time 1.337 secs

 Step: 361, Mon May 28 21:05:13 2018
 Time: 361.000 au, 8.732 fs
 Dump wavepackets
 0 1.0000529853578 0.0152758091699
 T 1.0000529853578 0.0152758091699
 Elapsed wall time 1.337 secs

 Step: 362, Mon May 28 21:05:14 2018
 Time: 362.000 au, 8.756 fs
 Dump wavepackets
 0 1.000053388874 0.015275811264552
 T 1.000053388874 0.015275811264552
 Elapsed wall time 1.337 secs

 Step: 363, Mon May 28 21:05:15 2018
 Time: 363.000 au, 8.781 fs
 Dump wavepackets
 0 1.0000537816428 0.015275813287479
 T 1.0000537816428 0.015275813287479
 Elapsed wall time 1.337 secs

 Step: 364, Mon May 28 21:05:17 2018
 Time: 364.000 au, 8.805 fs
 Dump wavepackets
 0 1.000054163627 0.01527581523852
 T 1.000054163627 0.01527581523852
 Elapsed wall time 1.337 secs

 Step: 365, Mon May 28 21:05:18 2018
 Time: 365.000 au, 8.829 fs
 Dump wavepackets
 0 1.0000545347908 0.015275817117525
 T 1.0000545347908 0.015275817117525
 Elapsed wall time 1.337 secs

 Step: 366, Mon May 28 21:05:19 2018
 Time: 366.000 au, 8.853 fs
 Dump wavepackets
 0 1.0000548951006 0.015275818924356
 T 1.0000548951006 0.015275818924356
 Elapsed wall time 1.337 secs

 Step: 367, Mon May 28 21:05:21 2018
 Time: 367.000 au, 8.877 fs
 Dump wavepackets
 0 1.0000552445244 0.015275820658885
 T 1.0000552445244 0.015275820658885
 Elapsed wall time 1.337 secs

 Step: 368, Mon May 28 21:05:22 2018
 Time: 368.000 au, 8.901 fs
 Dump wavepackets
 0 1.0000555830321 0.015275822320997
 T 1.0000555830321 0.015275822320997
 Elapsed wall time 1.337 secs

 Step: 369, Mon May 28 21:05:23 2018
 Time: 369.000 au, 8.926 fs
 Dump wavepackets
 0 1.0000559105956 0.015275823910589
 T 1.0000559105956 0.015275823910589
 Elapsed wall time 1.337 secs

 Step: 370, Mon May 28 21:05:25 2018
 Time: 370.000 au, 8.950 fs
 Dump wavepackets
 0 1.0000562271885 0.015275825427569
 T 1.0000562271885 0.015275825427569
 Elapsed wall time 1.337 secs

 Step: 371, Mon May 28 21:05:26 2018
 Time: 371.000 au, 8.974 fs
 Dump wavepackets
 0 1.0000565327862 0.015275826871856
 T 1.0000565327862 0.015275826871856
 Elapsed wall time 1.337 secs

 Step: 372, Mon May 28 21:05:27 2018
 Time: 372.000 au, 8.998 fs
 Dump wavepackets
 0 1.0000568273661 0.01527582824338
 T 1.0000568273661 0.01527582824338
 Elapsed wall time 1.337 secs

 Step: 373, Mon May 28 21:05:29 2018
 Time: 373.000 au, 9.022 fs
 Dump wavepackets
 0 1.0000571109073 0.015275829542085
 T 1.0000571109073 0.015275829542085
 Elapsed wall time 1.338 secs

 Step: 374, Mon May 28 21:05:30 2018
 Time: 374.000 au, 9.047 fs
 Dump wavepackets
 0 1.0000573833909 0.015275830767924
 T 1.0000573833909 0.015275830767924
 Elapsed wall time 1.337 secs

 Step: 375, Mon May 28 21:05:31 2018
 Time: 375.000 au, 9.071 fs
 Dump wavepackets
 0 1.0000576447998 0.015275831920864
 T 1.0000576447998 0.015275831920864
 Elapsed wall time 1.337 secs

 Step: 376, Mon May 28 21:05:33 2018
 Time: 376.000 au, 9.095 fs
 Dump wavepackets
 0 1.0000578951187 0.015275833000881
 T 1.0000578951187 0.015275833000881
 Elapsed wall time 1.337 secs

 Step: 377, Mon May 28 21:05:34 2018
 Time: 377.000 au, 9.119 fs
 Dump wavepackets
 0 1.0000581343341 0.015275834007964
 T 1.0000581343341 0.015275834007964
 Elapsed wall time 1.337 secs

 Step: 378, Mon May 28 21:05:35 2018
 Time: 378.000 au, 9.143 fs
 Dump wavepackets
 0 1.0000583624345 0.015275834942115
 T 1.0000583624345 0.015275834942115
 Elapsed wall time 1.344 secs

 Step: 379, Mon May 28 21:05:37 2018
 Time: 379.000 au, 9.168 fs
 Dump wavepackets
 0 1.0000585794102 0.015275835803344
 T 1.0000585794102 0.015275835803344
 Elapsed wall time 1.337 secs

 Step: 380, Mon May 28 21:05:38 2018
 Time: 380.000 au, 9.192 fs
 Dump wavepackets
 0 1.0000587852532 0.015275836591676
 T 1.0000587852532 0.015275836591676
 Elapsed wall time 1.337 secs

 Step: 381, Mon May 28 21:05:39 2018
 Time: 381.000 au, 9.216 fs
 Dump wavepackets
 0 1.0000589799577 0.015275837307145
 T 1.0000589799577 0.015275837307145
 Elapsed wall time 1.337 secs

 Step: 382, Mon May 28 21:05:41 2018
 Time: 382.000 au, 9.240 fs
 Dump wavepackets
 0 1.0000591635193 0.015275837949799
 T 1.0000591635193 0.015275837949799
 Elapsed wall time 1.337 secs

 Step: 383, Mon May 28 21:05:42 2018
 Time: 383.000 au, 9.264 fs
 Dump wavepackets
 0 1.0000593359357 0.015275838519695
 T 1.0000593359357 0.015275838519695
 Elapsed wall time 1.337 secs

 Step: 384, Mon May 28 21:05:44 2018
 Time: 384.000 au, 9.289 fs
 Dump wavepackets
 0 1.0000594972064 0.015275839016903
 T 1.0000594972064 0.015275839016903
 Elapsed wall time 1.337 secs

 Step: 385, Mon May 28 21:05:45 2018
 Time: 385.000 au, 9.313 fs
 Dump wavepackets
 0 1.0000596473328 0.015275839441505
 T 1.0000596473328 0.015275839441505
 Elapsed wall time 1.337 secs

 Step: 386, Mon May 28 21:05:46 2018
 Time: 386.000 au, 9.337 fs
 Dump wavepackets
 0 1.0000597863181 0.015275839793592
 T 1.0000597863181 0.015275839793592
 Elapsed wall time 1.337 secs

 Step: 387, Mon May 28 21:05:48 2018
 Time: 387.000 au, 9.361 fs
 Dump wavepackets
 0 1.0000599141671 0.015275840073269
 T 1.0000599141671 0.015275840073269
 Elapsed wall time 1.337 secs

 Step: 388, Mon May 28 21:05:49 2018
 Time: 388.000 au, 9.385 fs
 Dump wavepackets
 0 1.0000600308868 0.015275840280652
 T 1.0000600308868 0.015275840280652
 Elapsed wall time 1.337 secs

 Step: 389, Mon May 28 21:05:50 2018
 Time: 389.000 au, 9.409 fs
 Dump wavepackets
 0 1.0000601364858 0.015275840415866
 T 1.0000601364858 0.015275840415866
 Elapsed wall time 1.337 secs

 Step: 390, Mon May 28 21:05:52 2018
 Time: 390.000 au, 9.434 fs
 Dump wavepackets
 0 1.0000602309745 0.015275840479052
 T 1.0000602309745 0.015275840479052
 Elapsed wall time 1.337 secs

 Step: 391, Mon May 28 21:05:53 2018
 Time: 391.000 au, 9.458 fs
 Dump wavepackets
 0 1.0000603143653 0.015275840470357
 T 1.0000603143653 0.015275840470357
 Elapsed wall time 1.337 secs

 Step: 392, Mon May 28 21:05:54 2018
 Time: 392.000 au, 9.482 fs
 Dump wavepackets
 0 1.0000603866721 0.015275840389942
 T 1.0000603866721 0.015275840389942
 Elapsed wall time 1.337 secs

 Step: 393, Mon May 28 21:05:56 2018
 Time: 393.000 au, 9.506 fs
 Dump wavepackets
 0 1.000060447911 0.015275840237981
 T 1.000060447911 0.015275840237981
 Elapsed wall time 1.337 secs

 Step: 394, Mon May 28 21:05:57 2018
 Time: 394.000 au, 9.530 fs
 Dump wavepackets
 0 1.0000604980995 0.015275840014655
 T 1.0000604980995 0.015275840014655
 Elapsed wall time 1.337 secs

 Step: 395, Mon May 28 21:05:58 2018
 Time: 395.000 au, 9.555 fs
 Dump wavepackets
 0 1.0000605372573 0.01527583972016
 T 1.0000605372573 0.01527583972016
 Elapsed wall time 1.337 secs

 Step: 396, Mon May 28 21:06:00 2018
 Time: 396.000 au, 9.579 fs
 Dump wavepackets
 0 1.0000605654054 0.015275839354701
 T 1.0000605654054 0.015275839354701
 Elapsed wall time 1.337 secs

 Step: 397, Mon May 28 21:06:01 2018
 Time: 397.000 au, 9.603 fs
 Dump wavepackets
 0 1.000060582567 0.015275838918495
 T 1.000060582567 0.015275838918495
 Elapsed wall time 1.337 secs

 Step: 398, Mon May 28 21:06:02 2018
 Time: 398.000 au, 9.627 fs
 Dump wavepackets
 0 1.000060588767 0.015275838411769
 T 1.000060588767 0.015275838411769
 Elapsed wall time 1.343 secs

 Step: 399, Mon May 28 21:06:04 2018
 Time: 399.000 au, 9.651 fs
 Dump wavepackets
 0 1.0000605840318 0.015275837834763
 T 1.0000605840318 0.015275837834763
 Elapsed wall time 1.337 secs

 Step: 400, Mon May 28 21:06:05 2018
 Time: 400.000 au, 9.676 fs
 Dump wavepackets
 Calculate reaction probabilities 1
 0 1.0000605683898 0.015275837187725
 T 1.0000605683898 0.015275837187725
 Matlab script OHClMatlab
 From OHClMatlab
 Figure: crp/000000003.png
 Save reaction probabilities to CRPMat-j0-v0.mat
 Figure: potwave/000000004.png
 Elapsed wall time 6.204 secs

 Step: 401, Mon May 28 21:06:11 2018
 Time: 401.000 au, 9.700 fs
 Dump wavepackets
 0 1.0000605418713 0.015275836470917
 T 1.0000605418713 0.015275836470917
 Elapsed wall time 1.330 secs

 Step: 402, Mon May 28 21:06:12 2018
 Time: 402.000 au, 9.724 fs
 Dump wavepackets
 0 1.0000605045079 0.01527583568461
 T 1.0000605045079 0.01527583568461
 Elapsed wall time 1.337 secs

 Step: 403, Mon May 28 21:06:14 2018
 Time: 403.000 au, 9.748 fs
 Dump wavepackets
 0 1.0000604563332 0.015275834829086
 T 1.0000604563332 0.015275834829086
 Elapsed wall time 1.337 secs

 Step: 404, Mon May 28 21:06:15 2018
 Time: 404.000 au, 9.772 fs
 Dump wavepackets
 0 1.0000603973827 0.015275833904638
 T 1.0000603973827 0.015275833904638
 Elapsed wall time 1.337 secs

 Step: 405, Mon May 28 21:06:16 2018
 Time: 405.000 au, 9.796 fs
 Dump wavepackets
 0 1.0000603276933 0.01527583291157
 T 1.0000603276933 0.01527583291157
 Elapsed wall time 1.337 secs

 Step: 406, Mon May 28 21:06:18 2018
 Time: 406.000 au, 9.821 fs
 Dump wavepackets
 0 1.0000602473037 0.015275831850197
 T 1.0000602473037 0.015275831850197
 Elapsed wall time 1.337 secs

 Step: 407, Mon May 28 21:06:19 2018
 Time: 407.000 au, 9.845 fs
 Dump wavepackets
 0 1.0000601562545 0.015275830720842
 T 1.0000601562545 0.015275830720842
 Elapsed wall time 1.337 secs

 Step: 408, Mon May 28 21:06:20 2018
 Time: 408.000 au, 9.869 fs
 Dump wavepackets
 0 1.0000600545877 0.015275829523842
 T 1.0000600545877 0.015275829523842
 Elapsed wall time 1.337 secs

 Step: 409, Mon May 28 21:06:22 2018
 Time: 409.000 au, 9.893 fs
 Dump wavepackets
 0 1.0000599423472 0.015275828259542
 T 1.0000599423472 0.015275828259542
 Elapsed wall time 1.337 secs

 Step: 410, Mon May 28 21:06:23 2018
 Time: 410.000 au, 9.917 fs
 Dump wavepackets
 0 1.0000598195785 0.015275826928299
 T 1.0000598195785 0.015275826928299
 Elapsed wall time 1.337 secs

 Step: 411, Mon May 28 21:06:24 2018
 Time: 411.000 au, 9.942 fs
 Dump wavepackets
 0 1.0000596863287 0.015275825530479
 T 1.0000596863287 0.015275825530479
 Elapsed wall time 1.337 secs

 Step: 412, Mon May 28 21:06:26 2018
 Time: 412.000 au, 9.966 fs
 Dump wavepackets
 0 1.0000595426467 0.015275824066458
 T 1.0000595426467 0.015275824066458
 Elapsed wall time 1.337 secs

 Step: 413, Mon May 28 21:06:27 2018
 Time: 413.000 au, 9.990 fs
 Dump wavepackets
 0 1.0000593885829 0.015275822536624
 T 1.0000593885829 0.015275822536624
 Elapsed wall time 1.337 secs

 Step: 414, Mon May 28 21:06:28 2018
 Time: 414.000 au, 10.014 fs
 Dump wavepackets
 0 1.0000592241894 0.015275820941374
 T 1.0000592241894 0.015275820941374
 Elapsed wall time 1.337 secs

 Step: 415, Mon May 28 21:06:30 2018
 Time: 415.000 au, 10.038 fs
 Dump wavepackets
 0 1.0000590495199 0.015275819281114
 T 1.0000590495199 0.015275819281114
 Elapsed wall time 1.337 secs

 Step: 416, Mon May 28 21:06:31 2018
 Time: 416.000 au, 10.063 fs
 Dump wavepackets
 0 1.0000588646298 0.015275817556263
 T 1.0000588646298 0.015275817556263
 Elapsed wall time 1.337 secs

 Step: 417, Mon May 28 21:06:32 2018
 Time: 417.000 au, 10.087 fs
 Dump wavepackets
 0 1.0000586695759 0.015275815767245
 T 1.0000586695759 0.015275815767245
 Elapsed wall time 1.337 secs

 Step: 418, Mon May 28 21:06:34 2018
 Time: 418.000 au, 10.111 fs
 Dump wavepackets
 0 1.0000584644168 0.015275813914499
 T 1.0000584644168 0.015275813914499
 Elapsed wall time 1.337 secs

 Step: 419, Mon May 28 21:06:35 2018
 Time: 419.000 au, 10.135 fs
 Dump wavepackets
 0 1.0000582492126 0.015275811998471
 T 1.0000582492126 0.015275811998471
 Elapsed wall time 1.337 secs

 Step: 420, Mon May 28 21:06:37 2018
 Time: 420.000 au, 10.159 fs
 Dump wavepackets
 0 1.0000580240248 0.015275810019615
 T 1.0000580240248 0.015275810019615
 Elapsed wall time 1.337 secs

 Step: 421, Mon May 28 21:06:38 2018
 Time: 421.000 au, 10.184 fs
 Dump wavepackets
 0 1.0000577889168 0.015275807978399
 T 1.0000577889168 0.015275807978399
 Elapsed wall time 1.337 secs

 Step: 422, Mon May 28 21:06:39 2018
 Time: 422.000 au, 10.208 fs
 Dump wavepackets
 0 1.0000575439531 0.015275805875297
 T 1.0000575439531 0.015275805875297
 Elapsed wall time 1.337 secs

 Step: 423, Mon May 28 21:06:41 2018
 Time: 423.000 au, 10.232 fs
 Dump wavepackets
 0 1.0000572892001 0.015275803710792
 T 1.0000572892001 0.015275803710792
 Elapsed wall time 1.337 secs

 Step: 424, Mon May 28 21:06:42 2018
 Time: 424.000 au, 10.256 fs
 Dump wavepackets
 0 1.0000570247256 0.01527580148538
 T 1.0000570247256 0.01527580148538
 Elapsed wall time 1.337 secs

 Step: 425, Mon May 28 21:06:43 2018
 Time: 425.000 au, 10.280 fs
 Dump wavepackets
 0 1.0000567505987 0.015275799199562
 T 1.0000567505987 0.015275799199562
 Elapsed wall time 1.337 secs

 Step: 426, Mon May 28 21:06:45 2018
 Time: 426.000 au, 10.304 fs
 Dump wavepackets
 0 1.0000564668902 0.01527579685385
 T 1.0000564668902 0.01527579685385
 Elapsed wall time 1.337 secs

 Step: 427, Mon May 28 21:06:46 2018
 Time: 427.000 au, 10.329 fs
 Dump wavepackets
 0 1.0000561736724 0.015275794448765
 T 1.0000561736724 0.015275794448765
 Elapsed wall time 1.337 secs

 Step: 428, Mon May 28 21:06:47 2018
 Time: 428.000 au, 10.353 fs
 Dump wavepackets
 0 1.0000558710188 0.015275791984838
 T 1.0000558710188 0.015275791984838
 Elapsed wall time 1.337 secs

 Step: 429, Mon May 28 21:06:49 2018
 Time: 429.000 au, 10.377 fs
 Dump wavepackets
 0 1.0000555590047 0.015275789462606
 T 1.0000555590047 0.015275789462606
 Elapsed wall time 1.337 secs

 Step: 430, Mon May 28 21:06:50 2018
 Time: 430.000 au, 10.401 fs
 Dump wavepackets
 0 1.0000552377064 0.015275786882617
 T 1.0000552377064 0.015275786882617
 Elapsed wall time 1.339 secs

 Step: 431, Mon May 28 21:06:51 2018
 Time: 431.000 au, 10.425 fs
 Dump wavepackets
 0 1.000054907202 0.015275784245427
 T 1.000054907202 0.015275784245427
 Elapsed wall time 1.337 secs

 Step: 432, Mon May 28 21:06:53 2018
 Time: 432.000 au, 10.450 fs
 Dump wavepackets
 0 1.0000545675708 0.0152757815516
 T 1.0000545675708 0.0152757815516
 Elapsed wall time 1.337 secs

 Step: 433, Mon May 28 21:06:54 2018
 Time: 433.000 au, 10.474 fs
 Dump wavepackets
 0 1.0000542188935 0.01527577880171
 T 1.0000542188935 0.01527577880171
 Elapsed wall time 1.337 secs

 Step: 434, Mon May 28 21:06:55 2018
 Time: 434.000 au, 10.498 fs
 Dump wavepackets
 0 1.0000538612521 0.015275775996336
 T 1.0000538612521 0.015275775996336
 Elapsed wall time 1.337 secs

 Step: 435, Mon May 28 21:06:57 2018
 Time: 435.000 au, 10.522 fs
 Dump wavepackets
 0 1.0000534947301 0.015275773136069
 T 1.0000534947301 0.015275773136069
 Elapsed wall time 1.337 secs

 Step: 436, Mon May 28 21:06:58 2018
 Time: 436.000 au, 10.546 fs
 Dump wavepackets
 0 1.0000531194123 0.015275770221506
 T 1.0000531194123 0.015275770221506
 Elapsed wall time 1.337 secs

 Step: 437, Mon May 28 21:06:59 2018
 Time: 437.000 au, 10.571 fs
 Dump wavepackets
 0 1.0000527353847 0.015275767253252
 T 1.0000527353847 0.015275767253252
 Elapsed wall time 1.340 secs

 Step: 438, Mon May 28 21:07:01 2018
 Time: 438.000 au, 10.595 fs
 Dump wavepackets
 0 1.0000523427347 0.015275764231921
 T 1.0000523427347 0.015275764231921
 Elapsed wall time 1.337 secs

 Step: 439, Mon May 28 21:07:02 2018
 Time: 439.000 au, 10.619 fs
 Dump wavepackets
 0 1.0000519415509 0.015275761158134
 T 1.0000519415509 0.015275761158134
 Elapsed wall time 1.337 secs

 Step: 440, Mon May 28 21:07:03 2018
 Time: 440.000 au, 10.643 fs
 Dump wavepackets
 0 1.0000515319233 0.01527575803252
 T 1.0000515319233 0.01527575803252
 Elapsed wall time 1.337 secs

 Step: 441, Mon May 28 21:07:05 2018
 Time: 441.000 au, 10.667 fs
 Dump wavepackets
 0 1.000051113943 0.015275754855715
 T 1.000051113943 0.015275754855715
 Elapsed wall time 1.337 secs

 Step: 442, Mon May 28 21:07:06 2018
 Time: 442.000 au, 10.691 fs
 Dump wavepackets
 0 1.0000506877025 0.015275751628362
 T 1.0000506877025 0.015275751628362
 Elapsed wall time 1.337 secs

 Step: 443, Mon May 28 21:07:07 2018
 Time: 443.000 au, 10.716 fs
 Dump wavepackets
 0 1.0000502532953 0.015275748351113
 T 1.0000502532953 0.015275748351113
 Elapsed wall time 1.337 secs

 Step: 444, Mon May 28 21:07:09 2018
 Time: 444.000 au, 10.740 fs
 Dump wavepackets
 0 1.0000498108163 0.015275745024626
 T 1.0000498108163 0.015275745024626
 Elapsed wall time 1.337 secs

 Step: 445, Mon May 28 21:07:10 2018
 Time: 445.000 au, 10.764 fs
 Dump wavepackets
 0 1.0000493603615 0.015275741649567
 T 1.0000493603615 0.015275741649567
 Elapsed wall time 1.337 secs

 Step: 446, Mon May 28 21:07:11 2018
 Time: 446.000 au, 10.788 fs
 Dump wavepackets
 0 1.000048902028 0.015275738226607
 T 1.000048902028 0.015275738226607
 Elapsed wall time 1.337 secs

 Step: 447, Mon May 28 21:07:13 2018
 Time: 447.000 au, 10.812 fs
 Dump wavepackets
 0 1.0000484359142 0.015275734756426
 T 1.0000484359142 0.015275734756426
 Elapsed wall time 1.337 secs

 Step: 448, Mon May 28 21:07:14 2018
 Time: 448.000 au, 10.837 fs
 Dump wavepackets
 0 1.0000479621194 0.01527573123971
 T 1.0000479621194 0.01527573123971
 Elapsed wall time 1.337 secs

 Step: 449, Mon May 28 21:07:15 2018
 Time: 449.000 au, 10.861 fs
 Dump wavepackets
 0 1.0000474807442 0.015275727677152
 T 1.0000474807442 0.015275727677152
 Elapsed wall time 1.337 secs

 Step: 450, Mon May 28 21:07:17 2018
 Time: 450.000 au, 10.885 fs
 Dump wavepackets
 0 1.0000469918903 0.01527572406945
 T 1.0000469918903 0.01527572406945
 Elapsed wall time 1.337 secs

 Step: 451, Mon May 28 21:07:18 2018
 Time: 451.000 au, 10.909 fs
 Dump wavepackets
 0 1.0000464956602 0.01527572041731
 T 1.0000464956602 0.01527572041731
 Elapsed wall time 1.337 secs

 Step: 452, Mon May 28 21:07:19 2018
 Time: 452.000 au, 10.933 fs
 Dump wavepackets
 0 1.0000459921579 0.015275716721443
 T 1.0000459921579 0.015275716721443
 Elapsed wall time 1.337 secs

 Step: 453, Mon May 28 21:07:21 2018
 Time: 453.000 au, 10.958 fs
 Dump wavepackets
 0 1.000045481488 0.015275712982568
 T 1.000045481488 0.015275712982568
 Elapsed wall time 1.337 secs

 Step: 454, Mon May 28 21:07:22 2018
 Time: 454.000 au, 10.982 fs
 Dump wavepackets
 0 1.0000449637564 0.015275709201409
 T 1.0000449637564 0.015275709201409
 Elapsed wall time 1.337 secs

 Step: 455, Mon May 28 21:07:23 2018
 Time: 455.000 au, 11.006 fs
 Dump wavepackets
 0 1.0000444390698 0.015275705378694
 T 1.0000444390698 0.015275705378694
 Elapsed wall time 1.337 secs

 Step: 456, Mon May 28 21:07:25 2018
 Time: 456.000 au, 11.030 fs
 Dump wavepackets
 0 1.000043907536 0.015275701515159
 T 1.000043907536 0.015275701515159
 Elapsed wall time 1.337 secs

 Step: 457, Mon May 28 21:07:26 2018
 Time: 457.000 au, 11.054 fs
 Dump wavepackets
 0 1.0000433692638 0.015275697611545
 T 1.0000433692638 0.015275697611545
 Elapsed wall time 1.337 secs

 Step: 458, Mon May 28 21:07:27 2018
 Time: 458.000 au, 11.078 fs
 Dump wavepackets
 0 1.0000428243627 0.015275693668599
 T 1.0000428243627 0.015275693668599
 Elapsed wall time 1.337 secs

 Step: 459, Mon May 28 21:07:29 2018
 Time: 459.000 au, 11.103 fs
 Dump wavepackets
 0 1.0000422729434 0.015275689687072
 T 1.0000422729434 0.015275689687072
 Elapsed wall time 1.337 secs

 Step: 460, Mon May 28 21:07:30 2018
 Time: 460.000 au, 11.127 fs
 Dump wavepackets
 0 1.0000417151173 0.015275685667723
 T 1.0000417151173 0.015275685667723
 Elapsed wall time 1.337 secs

 Step: 461, Mon May 28 21:07:31 2018
 Time: 461.000 au, 11.151 fs
 Dump wavepackets
 0 1.0000411509968 0.015275681611311
 T 1.0000411509968 0.015275681611311
 Elapsed wall time 1.337 secs

 Step: 462, Mon May 28 21:07:33 2018
 Time: 462.000 au, 11.175 fs
 Dump wavepackets
 0 1.000040580695 0.015275677518606
 T 1.000040580695 0.015275677518606
 Elapsed wall time 1.337 secs

 Step: 463, Mon May 28 21:07:34 2018
 Time: 463.000 au, 11.199 fs
 Dump wavepackets
 0 1.000040004326 0.015275673390379
 T 1.000040004326 0.015275673390379
 Elapsed wall time 1.337 secs

 Step: 464, Mon May 28 21:07:35 2018
 Time: 464.000 au, 11.224 fs
 Dump wavepackets
 0 1.0000394220047 0.015275669227406
 T 1.0000394220047 0.015275669227406
 Elapsed wall time 1.337 secs

 Step: 465, Mon May 28 21:07:37 2018
 Time: 465.000 au, 11.248 fs
 Dump wavepackets
 0 1.0000388338467 0.015275665030468
 T 1.0000388338467 0.015275665030468
 Elapsed wall time 1.337 secs

 Step: 466, Mon May 28 21:07:38 2018
 Time: 466.000 au, 11.272 fs
 Dump wavepackets
 0 1.0000382399683 0.015275660800352
 T 1.0000382399683 0.015275660800352
 Elapsed wall time 1.337 secs

 Step: 467, Mon May 28 21:07:39 2018
 Time: 467.000 au, 11.296 fs
 Dump wavepackets
 0 1.0000376404869 0.015275656537847
 T 1.0000376404869 0.015275656537847
 Elapsed wall time 1.337 secs

 Step: 468, Mon May 28 21:07:41 2018
 Time: 468.000 au, 11.320 fs
 Dump wavepackets
 0 1.0000370355202 0.015275652243747
 T 1.0000370355202 0.015275652243747
 Elapsed wall time 1.337 secs

 Step: 469, Mon May 28 21:07:42 2018
 Time: 469.000 au, 11.345 fs
 Dump wavepackets
 0 1.0000364251869 0.01527564791885
 T 1.0000364251869 0.01527564791885
 Elapsed wall time 1.337 secs

 Step: 470, Mon May 28 21:07:43 2018
 Time: 470.000 au, 11.369 fs
 Dump wavepackets
 0 1.0000358096063 0.015275643563959
 T 1.0000358096063 0.015275643563959
 Elapsed wall time 1.337 secs

 Step: 471, Mon May 28 21:07:45 2018
 Time: 471.000 au, 11.393 fs
 Dump wavepackets
 0 1.0000351888984 0.015275639179878
 T 1.0000351888984 0.015275639179878
 Elapsed wall time 1.346 secs

 Step: 472, Mon May 28 21:07:46 2018
 Time: 472.000 au, 11.417 fs
 Dump wavepackets
 0 1.0000345631838 0.015275634767418
 T 1.0000345631838 0.015275634767418
 Elapsed wall time 1.337 secs

 Step: 473, Mon May 28 21:07:47 2018
 Time: 473.000 au, 11.441 fs
 Dump wavepackets
 0 1.0000339325837 0.01527563032739
 T 1.0000339325837 0.01527563032739
 Elapsed wall time 1.337 secs

 Step: 474, Mon May 28 21:07:49 2018
 Time: 474.000 au, 11.466 fs
 Dump wavepackets
 0 1.00003329722 0.015275625860612
 T 1.00003329722 0.015275625860612
 Elapsed wall time 1.343 secs

 Step: 475, Mon May 28 21:07:50 2018
 Time: 475.000 au, 11.490 fs
 Dump wavepackets
 0 1.0000326572151 0.015275621367901
 T 1.0000326572151 0.015275621367901
 Elapsed wall time 1.337 secs

 Step: 476, Mon May 28 21:07:51 2018
 Time: 476.000 au, 11.514 fs
 Dump wavepackets
 0 1.000032012692 0.015275616850081
 T 1.000032012692 0.015275616850081
 Elapsed wall time 1.337 secs

 Step: 477, Mon May 28 21:07:53 2018
 Time: 477.000 au, 11.538 fs
 Dump wavepackets
 0 1.0000313637743 0.015275612307977
 T 1.0000313637743 0.015275612307977
 Elapsed wall time 1.337 secs

 Step: 478, Mon May 28 21:07:54 2018
 Time: 478.000 au, 11.562 fs
 Dump wavepackets
 0 1.000030710586 0.015275607742416
 T 1.000030710586 0.015275607742416
 Elapsed wall time 1.337 secs

 Step: 479, Mon May 28 21:07:55 2018
 Time: 479.000 au, 11.586 fs
 Dump wavepackets
 0 1.0000300532517 0.015275603154229
 T 1.0000300532517 0.015275603154229
 Elapsed wall time 1.337 secs

 Step: 480, Mon May 28 21:07:57 2018
 Time: 480.000 au, 11.611 fs
 Dump wavepackets
 0 1.0000293918963 0.015275598544249
 T 1.0000293918963 0.015275598544249
 Elapsed wall time 1.337 secs

 Step: 481, Mon May 28 21:07:58 2018
 Time: 481.000 au, 11.635 fs
 Dump wavepackets
 0 1.0000287266455 0.015275593913311
 T 1.0000287266455 0.015275593913311
 Elapsed wall time 1.337 secs

 Step: 482, Mon May 28 21:07:59 2018
 Time: 482.000 au, 11.659 fs
 Dump wavepackets
 0 1.000028057625 0.015275589262254
 T 1.000028057625 0.015275589262254
 Elapsed wall time 1.337 secs

 Step: 483, Mon May 28 21:08:01 2018
 Time: 483.000 au, 11.683 fs
 Dump wavepackets
 0 1.0000273849613 0.015275584591916
 T 1.0000273849613 0.015275584591916
 Elapsed wall time 1.337 secs

 Step: 484, Mon May 28 21:08:02 2018
 Time: 484.000 au, 11.707 fs
 Dump wavepackets
 0 1.000026708781 0.015275579903139
 T 1.000026708781 0.015275579903139
 Elapsed wall time 1.337 secs

 Step: 485, Mon May 28 21:08:03 2018
 Time: 485.000 au, 11.732 fs
 Dump wavepackets
 0 1.0000260292112 0.015275575196767
 T 1.0000260292112 0.015275575196767
 Elapsed wall time 1.337 secs

 Step: 486, Mon May 28 21:08:05 2018
 Time: 486.000 au, 11.756 fs
 Dump wavepackets
 0 1.0000253463793 0.015275570473644
 T 1.0000253463793 0.015275570473644
 Elapsed wall time 1.337 secs

 Step: 487, Mon May 28 21:08:06 2018
 Time: 487.000 au, 11.780 fs
 Dump wavepackets
 0 1.0000246604131 0.015275565734616
 T 1.0000246604131 0.015275565734616
 Elapsed wall time 1.337 secs

 Step: 488, Mon May 28 21:08:07 2018
 Time: 488.000 au, 11.804 fs
 Dump wavepackets
 0 1.0000239714406 0.015275560980532
 T 1.0000239714406 0.015275560980532
 Elapsed wall time 1.337 secs

 Step: 489, Mon May 28 21:08:09 2018
 Time: 489.000 au, 11.828 fs
 Dump wavepackets
 0 1.0000232795902 0.01527555621224
 T 1.0000232795902 0.01527555621224
 Elapsed wall time 1.337 secs

 Step: 490, Mon May 28 21:08:10 2018
 Time: 490.000 au, 11.853 fs
 Dump wavepackets
 0 1.0000225849904 0.015275551430589
 T 1.0000225849904 0.015275551430589
 Elapsed wall time 1.337 secs

 Step: 491, Mon May 28 21:08:11 2018
 Time: 491.000 au, 11.877 fs
 Dump wavepackets
 0 1.0000218877699 0.015275546636432
 T 1.0000218877699 0.015275546636432
 Elapsed wall time 1.337 secs

 Step: 492, Mon May 28 21:08:13 2018
 Time: 492.000 au, 11.901 fs
 Dump wavepackets
 0 1.000021188058 0.015275541830619
 T 1.000021188058 0.015275541830619
 Elapsed wall time 1.337 secs

 Step: 493, Mon May 28 21:08:14 2018
 Time: 493.000 au, 11.925 fs
 Dump wavepackets
 0 1.0000204859836 0.015275537014003
 T 1.0000204859836 0.015275537014003
 Elapsed wall time 1.337 secs

 Step: 494, Mon May 28 21:08:15 2018
 Time: 494.000 au, 11.949 fs
 Dump wavepackets
 0 1.0000197816763 0.015275532187435
 T 1.0000197816763 0.015275532187435
 Elapsed wall time 1.337 secs

 Step: 495, Mon May 28 21:08:17 2018
 Time: 495.000 au, 11.973 fs
 Dump wavepackets
 0 1.0000190752656 0.01527552735177
 T 1.0000190752656 0.01527552735177
 Elapsed wall time 1.337 secs

 Step: 496, Mon May 28 21:08:18 2018
 Time: 496.000 au, 11.998 fs
 Dump wavepackets
 0 1.000018366881 0.015275522507861
 T 1.000018366881 0.015275522507861
 Elapsed wall time 1.337 secs

 Step: 497, Mon May 28 21:08:19 2018
 Time: 497.000 au, 12.022 fs
 Dump wavepackets
 0 1.0000176566523 0.01527551765656
 T 1.0000176566523 0.01527551765656
 Elapsed wall time 1.337 secs

 Step: 498, Mon May 28 21:08:21 2018
 Time: 498.000 au, 12.046 fs
 Dump wavepackets
 0 1.0000169447094 0.015275512798721
 T 1.0000169447094 0.015275512798721
 Elapsed wall time 1.337 secs

 Step: 499, Mon May 28 21:08:22 2018
 Time: 499.000 au, 12.070 fs
 Dump wavepackets
 0 1.0000162311821 0.015275507935196
 T 1.0000162311821 0.015275507935196
 Elapsed wall time 1.337 secs

 Step: 500, Mon May 28 21:08:23 2018
 Time: 500.000 au, 12.094 fs
 Dump wavepackets
 Calculate reaction probabilities 1
 0 1.0000155162004 0.015275503066838
 T 1.0000155162004 0.015275503066838
 Matlab script OHClMatlab
 From OHClMatlab
 Figure: crp/000000004.png
 Save reaction probabilities to CRPMat-j0-v0.mat
